INFO  [pool-3-thread-1] 2014-09-17 11:30:08,634 repast.simphony.batch.ssh.LocalDonePoller - Polled C:\Users\Chris\AppData\Local\Temp\simphony_model_1410943554940 for DONE:  no
INFO  [pool-3-thread-1] 2014-09-17 11:31:08,636 repast.simphony.batch.ssh.LocalDonePoller - Polled C:\Users\Chris\AppData\Local\Temp\simphony_model_1410943554940 for DONE:  no
INFO  [pool-3-thread-1] 2014-09-17 11:32:08,651 repast.simphony.batch.ssh.LocalDonePoller - Polled C:\Users\Chris\AppData\Local\Temp\simphony_model_1410943554940 for DONE:  no
INFO  [pool-3-thread-1] 2014-09-17 11:33:08,658 repast.simphony.batch.ssh.LocalDonePoller - Polled C:\Users\Chris\AppData\Local\Temp\simphony_model_1410943554940 for DONE:  no
INFO  [pool-3-thread-1] 2014-09-17 11:34:08,668 repast.simphony.batch.ssh.LocalDonePoller - Polled C:\Users\Chris\AppData\Local\Temp\simphony_model_1410943554940 for DONE:  no
INFO  [pool-3-thread-1] 2014-09-17 11:35:08,670 repast.simphony.batch.ssh.LocalDonePoller - Polled C:\Users\Chris\AppData\Local\Temp\simphony_model_1410943554940 for DONE:  no
INFO  [pool-3-thread-1] 2014-09-17 11:36:08,685 repast.simphony.batch.ssh.LocalDonePoller - Polled C:\Users\Chris\AppData\Local\Temp\simphony_model_1410943554940 for DONE:  no
INFO  [pool-3-thread-1] 2014-09-17 11:37:08,694 repast.simphony.batch.ssh.LocalDonePoller - Polled C:\Users\Chris\AppData\Local\Temp\simphony_model_1410943554940 for DONE:  no
INFO  [pool-3-thread-1] 2014-09-17 11:38:08,703 repast.simphony.batch.ssh.LocalDonePoller - Polled C:\Users\Chris\AppData\Local\Temp\simphony_model_1410943554940 for DONE:  no
INFO  [pool-3-thread-1] 2014-09-17 11:39:08,720 repast.simphony.batch.ssh.LocalDonePoller - Polled C:\Users\Chris\AppData\Local\Temp\simphony_model_1410943554940 for DONE:  no
INFO  [pool-3-thread-1] 2014-09-17 11:40:08,722 repast.simphony.batch.ssh.LocalDonePoller - Polled C:\Users\Chris\AppData\Local\Temp\simphony_model_1410943554940 for DONE:  no
INFO  [pool-3-thread-1] 2014-09-17 11:41:08,739 repast.simphony.batch.ssh.LocalDonePoller - Polled C:\Users\Chris\AppData\Local\Temp\simphony_model_1410943554940 for DONE:  no
INFO  [pool-3-thread-1] 2014-09-17 11:42:08,746 repast.simphony.batch.ssh.LocalDonePoller - Polled C:\Users\Chris\AppData\Local\Temp\simphony_model_1410943554940 for DONE:  no
INFO  [pool-3-thread-1] 2014-09-17 11:43:08,751 repast.simphony.batch.ssh.LocalDonePoller - Polled C:\Users\Chris\AppData\Local\Temp\simphony_model_1410943554940 for DONE:  no
INFO  [pool-3-thread-1] 2014-09-17 11:44:08,757 repast.simphony.batch.ssh.LocalDonePoller - Polled C:\Users\Chris\AppData\Local\Temp\simphony_model_1410943554940 for DONE:  no
INFO  [pool-3-thread-1] 2014-09-17 11:45:08,763 repast.simphony.batch.ssh.LocalDonePoller - Polled C:\Users\Chris\AppData\Local\Temp\simphony_model_1410943554940 for DONE:  no
INFO  [pool-3-thread-1] 2014-09-17 11:46:08,764 repast.simphony.batch.ssh.LocalDonePoller - Polled C:\Users\Chris\AppData\Local\Temp\simphony_model_1410943554940 for DONE:  no
INFO  [pool-3-thread-1] 2014-09-17 11:47:08,767 repast.simphony.batch.ssh.LocalDonePoller - Polled C:\Users\Chris\AppData\Local\Temp\simphony_model_1410943554940 for DONE:  no
INFO  [pool-3-thread-1] 2014-09-17 11:48:08,771 repast.simphony.batch.ssh.LocalDonePoller - Polled C:\Users\Chris\AppData\Local\Temp\simphony_model_1410943554940 for DONE:  no
INFO  [pool-3-thread-1] 2014-09-17 11:49:08,779 repast.simphony.batch.ssh.LocalDonePoller - Polled C:\Users\Chris\AppData\Local\Temp\simphony_model_1410943554940 for DONE:  no
INFO  [pool-3-thread-1] 2014-09-17 11:50:08,783 repast.simphony.batch.ssh.LocalDonePoller - Polled C:\Users\Chris\AppData\Local\Temp\simphony_model_1410943554940 for DONE:  no
INFO  [pool-3-thread-1] 2014-09-17 11:51:08,788 repast.simphony.batch.ssh.LocalDonePoller - Polled C:\Users\Chris\AppData\Local\Temp\simphony_model_1410943554940 for DONE:  no
INFO  [pool-3-thread-1] 2014-09-17 11:52:08,790 repast.simphony.batch.ssh.LocalDonePoller - Polled C:\Users\Chris\AppData\Local\Temp\simphony_model_1410943554940 for DONE:  no
INFO  [pool-3-thread-1] 2014-09-17 11:53:08,822 repast.simphony.batch.ssh.LocalDonePoller - Polled C:\Users\Chris\AppData\Local\Temp\simphony_model_1410943554940 for DONE:  no
INFO  [pool-3-thread-1] 2014-09-17 11:54:08,824 repast.simphony.batch.ssh.LocalDonePoller - Polled C:\Users\Chris\AppData\Local\Temp\simphony_model_1410943554940 for DONE:  no
INFO  [pool-3-thread-1] 2014-09-17 11:55:08,827 repast.simphony.batch.ssh.LocalDonePoller - Polled C:\Users\Chris\AppData\Local\Temp\simphony_model_1410943554940 for DONE:  no
INFO  [pool-3-thread-1] 2014-09-17 11:56:08,832 repast.simphony.batch.ssh.LocalDonePoller - Polled C:\Users\Chris\AppData\Local\Temp\simphony_model_1410943554940 for DONE:  no
INFO  [pool-3-thread-1] 2014-09-17 11:57:08,834 repast.simphony.batch.ssh.LocalDonePoller - Polled C:\Users\Chris\AppData\Local\Temp\simphony_model_1410943554940 for DONE:  no
INFO  [pool-3-thread-1] 2014-09-17 11:58:08,841 repast.simphony.batch.ssh.LocalDonePoller - Polled C:\Users\Chris\AppData\Local\Temp\simphony_model_1410943554940 for DONE:  no
INFO  [pool-3-thread-1] 2014-09-17 11:59:08,852 repast.simphony.batch.ssh.LocalDonePoller - Polled C:\Users\Chris\AppData\Local\Temp\simphony_model_1410943554940 for DONE:  no
INFO  [pool-3-thread-1] 2014-09-17 12:00:08,858 repast.simphony.batch.ssh.LocalDonePoller - Polled C:\Users\Chris\AppData\Local\Temp\simphony_model_1410943554940 for DONE:  no
INFO  [pool-3-thread-1] 2014-09-17 12:01:08,864 repast.simphony.batch.ssh.LocalDonePoller - Polled C:\Users\Chris\AppData\Local\Temp\simphony_model_1410943554940 for DONE:  no
INFO  [pool-3-thread-1] 2014-09-17 12:02:08,875 repast.simphony.batch.ssh.LocalDonePoller - Polled C:\Users\Chris\AppData\Local\Temp\simphony_model_1410943554940 for DONE:  no
INFO  [pool-3-thread-1] 2014-09-17 12:03:08,879 repast.simphony.batch.ssh.LocalDonePoller - Polled C:\Users\Chris\AppData\Local\Temp\simphony_model_1410943554940 for DONE:  no
INFO  [pool-3-thread-1] 2014-09-17 12:04:08,882 repast.simphony.batch.ssh.LocalDonePoller - Polled C:\Users\Chris\AppData\Local\Temp\simphony_model_1410943554940 for DONE:  no
INFO  [pool-3-thread-1] 2014-09-17 12:05:08,887 repast.simphony.batch.ssh.LocalDonePoller - Polled C:\Users\Chris\AppData\Local\Temp\simphony_model_1410943554940 for DONE:  no
INFO  [pool-3-thread-1] 2014-09-17 12:06:08,889 repast.simphony.batch.ssh.LocalDonePoller - Polled C:\Users\Chris\AppData\Local\Temp\simphony_model_1410943554940 for DONE:  no
INFO  [pool-3-thread-1] 2014-09-17 12:07:08,891 repast.simphony.batch.ssh.LocalDonePoller - Polled C:\Users\Chris\AppData\Local\Temp\simphony_model_1410943554940 for DONE:  no
INFO  [pool-3-thread-1] 2014-09-17 12:08:08,893 repast.simphony.batch.ssh.LocalDonePoller - Polled C:\Users\Chris\AppData\Local\Temp\simphony_model_1410943554940 for DONE:  no
INFO  [pool-3-thread-1] 2014-09-17 12:09:08,897 repast.simphony.batch.ssh.LocalDonePoller - Polled C:\Users\Chris\AppData\Local\Temp\simphony_model_1410943554940 for DONE:  no
INFO  [pool-3-thread-1] 2014-09-17 12:10:08,900 repast.simphony.batch.ssh.LocalDonePoller - Polled C:\Users\Chris\AppData\Local\Temp\simphony_model_1410943554940 for DONE:  no
INFO  [pool-3-thread-1] 2014-09-17 12:11:08,909 repast.simphony.batch.ssh.LocalDonePoller - Polled C:\Users\Chris\AppData\Local\Temp\simphony_model_1410943554940 for DONE:  no
INFO  [pool-3-thread-1] 2014-09-17 12:12:08,912 repast.simphony.batch.ssh.LocalDonePoller - Polled C:\Users\Chris\AppData\Local\Temp\simphony_model_1410943554940 for DONE:  no
INFO  [pool-3-thread-1] 2014-09-17 12:13:08,915 repast.simphony.batch.ssh.LocalDonePoller - Polled C:\Users\Chris\AppData\Local\Temp\simphony_model_1410943554940 for DONE:  no
INFO  [pool-3-thread-1] 2014-09-17 12:14:08,918 repast.simphony.batch.ssh.LocalDonePoller - Polled C:\Users\Chris\AppData\Local\Temp\simphony_model_1410943554940 for DONE:  no
INFO  [pool-3-thread-1] 2014-09-17 12:15:08,932 repast.simphony.batch.ssh.LocalDonePoller - Polled C:\Users\Chris\AppData\Local\Temp\simphony_model_1410943554940 for DONE:  no
INFO  [pool-3-thread-1] 2014-09-17 12:16:08,936 repast.simphony.batch.ssh.LocalDonePoller - Polled C:\Users\Chris\AppData\Local\Temp\simphony_model_1410943554940 for DONE:  no
INFO  [pool-3-thread-1] 2014-09-17 12:17:08,939 repast.simphony.batch.ssh.LocalDonePoller - Polled C:\Users\Chris\AppData\Local\Temp\simphony_model_1410943554940 for DONE:  no
INFO  [pool-3-thread-1] 2014-09-17 12:18:08,941 repast.simphony.batch.ssh.LocalDonePoller - Polled C:\Users\Chris\AppData\Local\Temp\simphony_model_1410943554940 for DONE:  no
INFO  [pool-3-thread-1] 2014-09-17 12:19:08,945 repast.simphony.batch.ssh.LocalDonePoller - Polled C:\Users\Chris\AppData\Local\Temp\simphony_model_1410943554940 for DONE:  no
INFO  [pool-3-thread-1] 2014-09-17 12:20:08,948 repast.simphony.batch.ssh.LocalDonePoller - Polled C:\Users\Chris\AppData\Local\Temp\simphony_model_1410943554940 for DONE:  no
INFO  [pool-3-thread-1] 2014-09-17 12:21:08,952 repast.simphony.batch.ssh.LocalDonePoller - Polled C:\Users\Chris\AppData\Local\Temp\simphony_model_1410943554940 for DONE:  no
INFO  [pool-3-thread-1] 2014-09-17 12:22:08,955 repast.simphony.batch.ssh.LocalDonePoller - Polled C:\Users\Chris\AppData\Local\Temp\simphony_model_1410943554940 for DONE:  no
INFO  [pool-3-thread-1] 2014-09-17 12:23:08,958 repast.simphony.batch.ssh.LocalDonePoller - Polled C:\Users\Chris\AppData\Local\Temp\simphony_model_1410943554940 for DONE:  no
INFO  [pool-3-thread-1] 2014-09-17 12:24:08,968 repast.simphony.batch.ssh.LocalDonePoller - Polled C:\Users\Chris\AppData\Local\Temp\simphony_model_1410943554940 for DONE:  no
INFO  [pool-3-thread-1] 2014-09-17 12:25:08,985 repast.simphony.batch.ssh.LocalDonePoller - Polled C:\Users\Chris\AppData\Local\Temp\simphony_model_1410943554940 for DONE:  no
INFO  [pool-3-thread-1] 2014-09-17 12:26:09,032 repast.simphony.batch.ssh.LocalDonePoller - Polled C:\Users\Chris\AppData\Local\Temp\simphony_model_1410943554940 for DONE:  no
INFO  [pool-3-thread-1] 2014-09-17 12:27:09,036 repast.simphony.batch.ssh.LocalDonePoller - Polled C:\Users\Chris\AppData\Local\Temp\simphony_model_1410943554940 for DONE:  no
INFO  [pool-3-thread-1] 2014-09-17 12:28:09,043 repast.simphony.batch.ssh.LocalDonePoller - Polled C:\Users\Chris\AppData\Local\Temp\simphony_model_1410943554940 for DONE:  no
INFO  [pool-3-thread-1] 2014-09-17 12:29:09,075 repast.simphony.batch.ssh.LocalDonePoller - Polled C:\Users\Chris\AppData\Local\Temp\simphony_model_1410943554940 for DONE:  no
INFO  [pool-3-thread-1] 2014-09-17 12:30:09,079 repast.simphony.batch.ssh.LocalDonePoller - Polled C:\Users\Chris\AppData\Local\Temp\simphony_model_1410943554940 for DONE:  no
INFO  [pool-3-thread-1] 2014-09-17 12:31:09,084 repast.simphony.batch.ssh.LocalDonePoller - Polled C:\Users\Chris\AppData\Local\Temp\simphony_model_1410943554940 for DONE:  no
INFO  [pool-3-thread-1] 2014-09-17 12:32:09,086 repast.simphony.batch.ssh.LocalDonePoller - Polled C:\Users\Chris\AppData\Local\Temp\simphony_model_1410943554940 for DONE:  no
INFO  [pool-3-thread-1] 2014-09-17 12:33:09,087 repast.simphony.batch.ssh.LocalDonePoller - Polled C:\Users\Chris\AppData\Local\Temp\simphony_model_1410943554940 for DONE:  no
INFO  [pool-3-thread-1] 2014-09-17 12:34:09,094 repast.simphony.batch.ssh.LocalDonePoller - Polled C:\Users\Chris\AppData\Local\Temp\simphony_model_1410943554940 for DONE:  no
INFO  [pool-3-thread-1] 2014-09-17 12:35:09,096 repast.simphony.batch.ssh.LocalDonePoller - Polled C:\Users\Chris\AppData\Local\Temp\simphony_model_1410943554940 for DONE:  no
INFO  [pool-3-thread-1] 2014-09-17 12:36:09,098 repast.simphony.batch.ssh.LocalDonePoller - Polled C:\Users\Chris\AppData\Local\Temp\simphony_model_1410943554940 for DONE:  no
INFO  [pool-3-thread-1] 2014-09-17 12:37:09,104 repast.simphony.batch.ssh.LocalDonePoller - Polled C:\Users\Chris\AppData\Local\Temp\simphony_model_1410943554940 for DONE:  no
INFO  [pool-3-thread-1] 2014-09-17 12:38:09,107 repast.simphony.batch.ssh.LocalDonePoller - Polled C:\Users\Chris\AppData\Local\Temp\simphony_model_1410943554940 for DONE:  no
INFO  [pool-3-thread-1] 2014-09-17 12:39:09,108 repast.simphony.batch.ssh.LocalDonePoller - Polled C:\Users\Chris\AppData\Local\Temp\simphony_model_1410943554940 for DONE:  no
INFO  [pool-3-thread-1] 2014-09-17 12:40:09,124 repast.simphony.batch.ssh.LocalDonePoller - Polled C:\Users\Chris\AppData\Local\Temp\simphony_model_1410943554940 for DONE:  no
INFO  [pool-3-thread-1] 2014-09-17 12:41:09,132 repast.simphony.batch.ssh.LocalDonePoller - Polled C:\Users\Chris\AppData\Local\Temp\simphony_model_1410943554940 for DONE:  no
INFO  [pool-3-thread-1] 2014-09-17 12:42:09,139 repast.simphony.batch.ssh.LocalDonePoller - Polled C:\Users\Chris\AppData\Local\Temp\simphony_model_1410943554940 for DONE:  no
INFO  [pool-3-thread-1] 2014-09-17 12:43:09,141 repast.simphony.batch.ssh.LocalDonePoller - Polled C:\Users\Chris\AppData\Local\Temp\simphony_model_1410943554940 for DONE:  no
INFO  [pool-3-thread-1] 2014-09-17 12:44:09,151 repast.simphony.batch.ssh.LocalDonePoller - Polled C:\Users\Chris\AppData\Local\Temp\simphony_model_1410943554940 for DONE:  no
INFO  [pool-3-thread-1] 2014-09-17 12:45:09,170 repast.simphony.batch.ssh.LocalDonePoller - Polled C:\Users\Chris\AppData\Local\Temp\simphony_model_1410943554940 for DONE:  no
INFO  [pool-3-thread-1] 2014-09-17 12:46:09,172 repast.simphony.batch.ssh.LocalDonePoller - Polled C:\Users\Chris\AppData\Local\Temp\simphony_model_1410943554940 for DONE:  no
INFO  [pool-3-thread-1] 2014-09-17 12:47:09,177 repast.simphony.batch.ssh.LocalDonePoller - Polled C:\Users\Chris\AppData\Local\Temp\simphony_model_1410943554940 for DONE:  no
INFO  [pool-3-thread-1] 2014-09-17 12:48:09,179 repast.simphony.batch.ssh.LocalDonePoller - Polled C:\Users\Chris\AppData\Local\Temp\simphony_model_1410943554940 for DONE:  no
INFO  [pool-3-thread-1] 2014-09-17 12:49:09,187 repast.simphony.batch.ssh.LocalDonePoller - Polled C:\Users\Chris\AppData\Local\Temp\simphony_model_1410943554940 for DONE:  no
INFO  [pool-3-thread-1] 2014-09-17 12:50:09,191 repast.simphony.batch.ssh.LocalDonePoller - Polled C:\Users\Chris\AppData\Local\Temp\simphony_model_1410943554940 for DONE:  no
INFO  [pool-3-thread-1] 2014-09-17 12:51:09,193 repast.simphony.batch.ssh.LocalDonePoller - Polled C:\Users\Chris\AppData\Local\Temp\simphony_model_1410943554940 for DONE:  no
INFO  [pool-3-thread-1] 2014-09-17 12:52:09,196 repast.simphony.batch.ssh.LocalDonePoller - Polled C:\Users\Chris\AppData\Local\Temp\simphony_model_1410943554940 for DONE:  no
INFO  [pool-3-thread-1] 2014-09-17 12:53:09,198 repast.simphony.batch.ssh.LocalDonePoller - Polled C:\Users\Chris\AppData\Local\Temp\simphony_model_1410943554940 for DONE:  no
INFO  [pool-3-thread-1] 2014-09-17 12:54:09,200 repast.simphony.batch.ssh.LocalDonePoller - Polled C:\Users\Chris\AppData\Local\Temp\simphony_model_1410943554940 for DONE:  no
INFO  [pool-3-thread-1] 2014-09-17 12:55:09,205 repast.simphony.batch.ssh.LocalDonePoller - Polled C:\Users\Chris\AppData\Local\Temp\simphony_model_1410943554940 for DONE:  no
INFO  [pool-3-thread-1] 2014-09-17 12:56:09,207 repast.simphony.batch.ssh.LocalDonePoller - Polled C:\Users\Chris\AppData\Local\Temp\simphony_model_1410943554940 for DONE:  no
INFO  [pool-3-thread-1] 2014-09-17 12:57:09,210 repast.simphony.batch.ssh.LocalDonePoller - Polled C:\Users\Chris\AppData\Local\Temp\simphony_model_1410943554940 for DONE:  no
INFO  [pool-3-thread-1] 2014-09-17 12:58:09,224 repast.simphony.batch.ssh.LocalDonePoller - Polled C:\Users\Chris\AppData\Local\Temp\simphony_model_1410943554940 for DONE:  no
INFO  [pool-3-thread-1] 2014-09-17 12:59:09,227 repast.simphony.batch.ssh.LocalDonePoller - Polled C:\Users\Chris\AppData\Local\Temp\simphony_model_1410943554940 for DONE:  no
INFO  [pool-3-thread-1] 2014-09-17 13:00:09,233 repast.simphony.batch.ssh.LocalDonePoller - Polled C:\Users\Chris\AppData\Local\Temp\simphony_model_1410943554940 for DONE:  no
INFO  [pool-3-thread-1] 2014-09-17 13:01:09,236 repast.simphony.batch.ssh.LocalDonePoller - Polled C:\Users\Chris\AppData\Local\Temp\simphony_model_1410943554940 for DONE:  no
INFO  [pool-3-thread-1] 2014-09-17 13:02:09,252 repast.simphony.batch.ssh.LocalDonePoller - Polled C:\Users\Chris\AppData\Local\Temp\simphony_model_1410943554940 for DONE:  no
INFO  [pool-3-thread-1] 2014-09-17 13:03:09,261 repast.simphony.batch.ssh.LocalDonePoller - Polled C:\Users\Chris\AppData\Local\Temp\simphony_model_1410943554940 for DONE:  no
INFO  [pool-3-thread-1] 2014-09-17 13:04:09,266 repast.simphony.batch.ssh.LocalDonePoller - Polled C:\Users\Chris\AppData\Local\Temp\simphony_model_1410943554940 for DONE:  no
INFO  [pool-3-thread-1] 2014-09-17 13:05:09,280 repast.simphony.batch.ssh.LocalDonePoller - Polled C:\Users\Chris\AppData\Local\Temp\simphony_model_1410943554940 for DONE:  no
INFO  [pool-3-thread-1] 2014-09-17 13:06:09,291 repast.simphony.batch.ssh.LocalDonePoller - Polled C:\Users\Chris\AppData\Local\Temp\simphony_model_1410943554940 for DONE:  no
INFO  [pool-3-thread-1] 2014-09-17 13:07:09,296 repast.simphony.batch.ssh.LocalDonePoller - Polled C:\Users\Chris\AppData\Local\Temp\simphony_model_1410943554940 for DONE:  no
INFO  [pool-3-thread-1] 2014-09-17 13:08:09,309 repast.simphony.batch.ssh.LocalDonePoller - Polled C:\Users\Chris\AppData\Local\Temp\simphony_model_1410943554940 for DONE:  no
INFO  [pool-3-thread-1] 2014-09-17 13:09:09,325 repast.simphony.batch.ssh.LocalDonePoller - Polled C:\Users\Chris\AppData\Local\Temp\simphony_model_1410943554940 for DONE:  no
INFO  [pool-3-thread-1] 2014-09-17 13:10:09,334 repast.simphony.batch.ssh.LocalDonePoller - Polled C:\Users\Chris\AppData\Local\Temp\simphony_model_1410943554940 for DONE:  no
INFO  [pool-3-thread-1] 2014-09-17 13:11:09,337 repast.simphony.batch.ssh.LocalDonePoller - Polled C:\Users\Chris\AppData\Local\Temp\simphony_model_1410943554940 for DONE:  no
INFO  [pool-3-thread-1] 2014-09-17 13:12:09,339 repast.simphony.batch.ssh.LocalDonePoller - Polled C:\Users\Chris\AppData\Local\Temp\simphony_model_1410943554940 for DONE:  no
INFO  [pool-3-thread-1] 2014-09-17 13:13:09,359 repast.simphony.batch.ssh.LocalDonePoller - Polled C:\Users\Chris\AppData\Local\Temp\simphony_model_1410943554940 for DONE:  no
INFO  [pool-3-thread-1] 2014-09-17 13:14:09,361 repast.simphony.batch.ssh.LocalDonePoller - Polled C:\Users\Chris\AppData\Local\Temp\simphony_model_1410943554940 for DONE:  no
INFO  [pool-3-thread-1] 2014-09-17 13:15:09,367 repast.simphony.batch.ssh.LocalDonePoller - Polled C:\Users\Chris\AppData\Local\Temp\simphony_model_1410943554940 for DONE:  no
INFO  [pool-3-thread-1] 2014-09-17 13:16:09,374 repast.simphony.batch.ssh.LocalDonePoller - Polled C:\Users\Chris\AppData\Local\Temp\simphony_model_1410943554940 for DONE:  no
INFO  [pool-3-thread-1] 2014-09-17 13:17:09,398 repast.simphony.batch.ssh.LocalDonePoller - Polled C:\Users\Chris\AppData\Local\Temp\simphony_model_1410943554940 for DONE:  no
INFO  [pool-3-thread-1] 2014-09-17 13:18:09,405 repast.simphony.batch.ssh.LocalDonePoller - Polled C:\Users\Chris\AppData\Local\Temp\simphony_model_1410943554940 for DONE:  no
INFO  [pool-3-thread-1] 2014-09-17 13:19:09,407 repast.simphony.batch.ssh.LocalDonePoller - Polled C:\Users\Chris\AppData\Local\Temp\simphony_model_1410943554940 for DONE:  no
INFO  [pool-3-thread-1] 2014-09-17 13:20:09,425 repast.simphony.batch.ssh.LocalDonePoller - Polled C:\Users\Chris\AppData\Local\Temp\simphony_model_1410943554940 for DONE:  no
INFO  [pool-3-thread-1] 2014-09-17 13:21:09,447 repast.simphony.batch.ssh.LocalDonePoller - Polled C:\Users\Chris\AppData\Local\Temp\simphony_model_1410943554940 for DONE:  no
INFO  [pool-3-thread-1] 2014-09-17 13:22:09,477 repast.simphony.batch.ssh.LocalDonePoller - Polled C:\Users\Chris\AppData\Local\Temp\simphony_model_1410943554940 for DONE:  no
INFO  [pool-3-thread-1] 2014-09-17 13:23:09,487 repast.simphony.batch.ssh.LocalDonePoller - Polled C:\Users\Chris\AppData\Local\Temp\simphony_model_1410943554940 for DONE:  no
INFO  [pool-3-thread-1] 2014-09-17 13:24:09,490 repast.simphony.batch.ssh.LocalDonePoller - Polled C:\Users\Chris\AppData\Local\Temp\simphony_model_1410943554940 for DONE:  no
INFO  [pool-3-thread-1] 2014-09-17 13:25:09,520 repast.simphony.batch.ssh.LocalDonePoller - Polled C:\Users\Chris\AppData\Local\Temp\simphony_model_1410943554940 for DONE:  no
INFO  [pool-3-thread-1] 2014-09-17 13:26:09,543 repast.simphony.batch.ssh.LocalDonePoller - Polled C:\Users\Chris\AppData\Local\Temp\simphony_model_1410943554940 for DONE:  no
INFO  [pool-3-thread-1] 2014-09-17 13:27:09,558 repast.simphony.batch.ssh.LocalDonePoller - Polled C:\Users\Chris\AppData\Local\Temp\simphony_model_1410943554940 for DONE:  no
INFO  [pool-3-thread-1] 2014-09-17 13:28:09,564 repast.simphony.batch.ssh.LocalDonePoller - Polled C:\Users\Chris\AppData\Local\Temp\simphony_model_1410943554940 for DONE:  no
INFO  [pool-3-thread-1] 2014-09-17 13:29:09,574 repast.simphony.batch.ssh.LocalDonePoller - Polled C:\Users\Chris\AppData\Local\Temp\simphony_model_1410943554940 for DONE:  no
INFO  [pool-3-thread-1] 2014-09-17 13:30:09,575 repast.simphony.batch.ssh.LocalDonePoller - Polled C:\Users\Chris\AppData\Local\Temp\simphony_model_1410943554940 for DONE:  no
INFO  [pool-3-thread-1] 2014-09-17 13:31:09,581 repast.simphony.batch.ssh.LocalDonePoller - Polled C:\Users\Chris\AppData\Local\Temp\simphony_model_1410943554940 for DONE:  no
INFO  [pool-3-thread-1] 2014-09-17 13:32:09,597 repast.simphony.batch.ssh.LocalDonePoller - Polled C:\Users\Chris\AppData\Local\Temp\simphony_model_1410943554940 for DONE:  no
INFO  [pool-3-thread-1] 2014-09-17 13:33:09,602 repast.simphony.batch.ssh.LocalDonePoller - Polled C:\Users\Chris\AppData\Local\Temp\simphony_model_1410943554940 for DONE:  no
INFO  [pool-3-thread-1] 2014-09-17 13:34:09,604 repast.simphony.batch.ssh.LocalDonePoller - Polled C:\Users\Chris\AppData\Local\Temp\simphony_model_1410943554940 for DONE:  no
INFO  [pool-3-thread-1] 2014-09-17 13:35:09,608 repast.simphony.batch.ssh.LocalDonePoller - Polled C:\Users\Chris\AppData\Local\Temp\simphony_model_1410943554940 for DONE:  no
INFO  [pool-3-thread-1] 2014-09-17 13:36:09,611 repast.simphony.batch.ssh.LocalDonePoller - Polled C:\Users\Chris\AppData\Local\Temp\simphony_model_1410943554940 for DONE:  no
INFO  [pool-3-thread-1] 2014-09-17 13:37:09,613 repast.simphony.batch.ssh.LocalDonePoller - Polled C:\Users\Chris\AppData\Local\Temp\simphony_model_1410943554940 for DONE:  no
INFO  [pool-3-thread-1] 2014-09-17 13:38:09,635 repast.simphony.batch.ssh.LocalDonePoller - Polled C:\Users\Chris\AppData\Local\Temp\simphony_model_1410943554940 for DONE:  no
INFO  [pool-3-thread-1] 2014-09-17 13:39:09,637 repast.simphony.batch.ssh.LocalDonePoller - Polled C:\Users\Chris\AppData\Local\Temp\simphony_model_1410943554940 for DONE:  no
INFO  [pool-3-thread-1] 2014-09-17 13:40:09,653 repast.simphony.batch.ssh.LocalDonePoller - Polled C:\Users\Chris\AppData\Local\Temp\simphony_model_1410943554940 for DONE:  no
INFO  [pool-3-thread-1] 2014-09-17 13:41:09,661 repast.simphony.batch.ssh.LocalDonePoller - Polled C:\Users\Chris\AppData\Local\Temp\simphony_model_1410943554940 for DONE:  no
INFO  [pool-3-thread-1] 2014-09-17 13:42:09,665 repast.simphony.batch.ssh.LocalDonePoller - Polled C:\Users\Chris\AppData\Local\Temp\simphony_model_1410943554940 for DONE:  no
INFO  [pool-3-thread-1] 2014-09-17 13:43:09,668 repast.simphony.batch.ssh.LocalDonePoller - Polled C:\Users\Chris\AppData\Local\Temp\simphony_model_1410943554940 for DONE:  no
INFO  [pool-3-thread-1] 2014-09-17 13:44:09,670 repast.simphony.batch.ssh.LocalDonePoller - Polled C:\Users\Chris\AppData\Local\Temp\simphony_model_1410943554940 for DONE:  no
INFO  [pool-3-thread-1] 2014-09-17 13:45:09,674 repast.simphony.batch.ssh.LocalDonePoller - Polled C:\Users\Chris\AppData\Local\Temp\simphony_model_1410943554940 for DONE:  no
INFO  [pool-3-thread-1] 2014-09-17 13:46:09,676 repast.simphony.batch.ssh.LocalDonePoller - Polled C:\Users\Chris\AppData\Local\Temp\simphony_model_1410943554940 for DONE:  no
INFO  [pool-3-thread-1] 2014-09-17 13:47:09,687 repast.simphony.batch.ssh.LocalDonePoller - Polled C:\Users\Chris\AppData\Local\Temp\simphony_model_1410943554940 for DONE:  no
INFO  [pool-3-thread-1] 2014-09-17 13:48:09,704 repast.simphony.batch.ssh.LocalDonePoller - Polled C:\Users\Chris\AppData\Local\Temp\simphony_model_1410943554940 for DONE:  no
INFO  [pool-3-thread-1] 2014-09-17 13:49:09,725 repast.simphony.batch.ssh.LocalDonePoller - Polled C:\Users\Chris\AppData\Local\Temp\simphony_model_1410943554940 for DONE:  no
INFO  [pool-3-thread-1] 2014-09-17 13:50:09,738 repast.simphony.batch.ssh.LocalDonePoller - Polled C:\Users\Chris\AppData\Local\Temp\simphony_model_1410943554940 for DONE:  no
INFO  [pool-3-thread-1] 2014-09-17 13:51:09,741 repast.simphony.batch.ssh.LocalDonePoller - Polled C:\Users\Chris\AppData\Local\Temp\simphony_model_1410943554940 for DONE:  yes
INFO  [SwingWorker-pool-2-thread-1] 2014-09-17 13:51:09,779 repast.simphony.batch.ssh.SessionsDriver - Run Time: 245.1097
INFO  [SwingWorker-pool-2-thread-1] 2014-09-17 13:51:10,161 repast.simphony.batch.ssh.LocalSession - Finding output on localhost in C:\Users\Chris\AppData\Local\Temp\simphony_model_1410943554940
INFO  [SwingWorker-pool-2-thread-1] 2014-09-17 13:51:10,805 repast.simphony.batch.ssh.SessionsDriver - Aggregating output into C:/Users/Chris/workspace2/JModel/output
INFO  [SwingWorker-pool-2-thread-1] 2014-09-17 14:16:22,519 repast.simphony.batch.ssh.SessionsDriver - Get Output Time: 25.2123
INFO  [SwingWorker-pool-2-thread-1] 2014-09-17 14:16:22,520 repast.simphony.batch.ssh.SessionsDriver - Finished. Elapsed Time: 270.4641
INFO  [AWT-EventQueue-0] 2014-09-17 14:50:25,938 repast.simphony.batch.gui.BatchConfigMediator - Writing batch run config file to: C:\Users\Chris\workspace2\JModel\output\config.props
INFO  [AWT-EventQueue-0] 2014-09-17 14:50:29,445 repast.simphony.batch.gui.BatchConfigMediator - Unrolling batch parameter file:
	C:\Users\Chris\workspace2\JModel\batch\batch_params.xml to
	C:\Users\Chris\AppData\Local\Temp\unrolledParamFile.txt
INFO  [SwingWorker-pool-2-thread-1] 2014-09-17 14:52:28,127 repast.simphony.batch.ssh.LocalSession - 
	Copying locally C:\Users\Chris\AppData\Local\Temp\Chris_localhost5835181250051700939.zip to 
C:\Users\Chris\AppData\Local\Temp\simphony_model_1410961940600 ...
INFO  [SwingWorker-pool-2-thread-1] 2014-09-17 14:52:28,286 repast.simphony.batch.ssh.LocalSession - Copying Finished.
INFO  [SwingWorker-pool-2-thread-1] 2014-09-17 14:52:28,373 repast.simphony.batch.ssh.SessionsDriver - Initialization Time: 0.1281
INFO  [SwingWorker-pool-2-thread-1] 2014-09-17 14:52:28,373 repast.simphony.batch.ssh.LocalSession - Unzipping model C:\Users\Chris\AppData\Local\Temp\simphony_model_1410961940600\Chris_localhost5835181250051700939.zip
INFO  [SwingWorker-pool-2-thread-1] 2014-09-17 14:52:41,283 repast.simphony.batch.ssh.LocalSession - Running model on localhost ...
INFO  [pool-3-thread-1] 2014-09-17 14:53:41,653 repast.simphony.batch.ssh.LocalDonePoller - Polled C:\Users\Chris\AppData\Local\Temp\simphony_model_1410961940600 for DONE:  no
INFO  [pool-3-thread-1] 2014-09-17 14:54:41,655 repast.simphony.batch.ssh.LocalDonePoller - Polled C:\Users\Chris\AppData\Local\Temp\simphony_model_1410961940600 for DONE:  no
INFO  [pool-3-thread-1] 2014-09-17 14:55:41,666 repast.simphony.batch.ssh.LocalDonePoller - Polled C:\Users\Chris\AppData\Local\Temp\simphony_model_1410961940600 for DONE:  no
INFO  [pool-3-thread-1] 2014-09-17 14:56:41,667 repast.simphony.batch.ssh.LocalDonePoller - Polled C:\Users\Chris\AppData\Local\Temp\simphony_model_1410961940600 for DONE:  no
INFO  [pool-3-thread-1] 2014-09-17 14:57:41,670 repast.simphony.batch.ssh.LocalDonePoller - Polled C:\Users\Chris\AppData\Local\Temp\simphony_model_1410961940600 for DONE:  no
INFO  [pool-3-thread-1] 2014-09-17 14:58:41,675 repast.simphony.batch.ssh.LocalDonePoller - Polled C:\Users\Chris\AppData\Local\Temp\simphony_model_1410961940600 for DONE:  no
INFO  [pool-3-thread-1] 2014-09-17 14:59:41,692 repast.simphony.batch.ssh.LocalDonePoller - Polled C:\Users\Chris\AppData\Local\Temp\simphony_model_1410961940600 for DONE:  no
INFO  [pool-3-thread-1] 2014-09-17 15:00:41,694 repast.simphony.batch.ssh.LocalDonePoller - Polled C:\Users\Chris\AppData\Local\Temp\simphony_model_1410961940600 for DONE:  no
INFO  [pool-3-thread-1] 2014-09-17 15:01:41,696 repast.simphony.batch.ssh.LocalDonePoller - Polled C:\Users\Chris\AppData\Local\Temp\simphony_model_1410961940600 for DONE:  no
INFO  [pool-3-thread-1] 2014-09-17 15:02:41,698 repast.simphony.batch.ssh.LocalDonePoller - Polled C:\Users\Chris\AppData\Local\Temp\simphony_model_1410961940600 for DONE:  no
INFO  [pool-3-thread-1] 2014-09-17 15:03:41,720 repast.simphony.batch.ssh.LocalDonePoller - Polled C:\Users\Chris\AppData\Local\Temp\simphony_model_1410961940600 for DONE:  no
INFO  [pool-3-thread-1] 2014-09-17 15:04:41,739 repast.simphony.batch.ssh.LocalDonePoller - Polled C:\Users\Chris\AppData\Local\Temp\simphony_model_1410961940600 for DONE:  no
INFO  [pool-3-thread-1] 2014-09-17 15:05:41,741 repast.simphony.batch.ssh.LocalDonePoller - Polled C:\Users\Chris\AppData\Local\Temp\simphony_model_1410961940600 for DONE:  no
INFO  [pool-3-thread-1] 2014-09-17 15:06:41,750 repast.simphony.batch.ssh.LocalDonePoller - Polled C:\Users\Chris\AppData\Local\Temp\simphony_model_1410961940600 for DONE:  no
INFO  [pool-3-thread-1] 2014-09-17 15:07:41,756 repast.simphony.batch.ssh.LocalDonePoller - Polled C:\Users\Chris\AppData\Local\Temp\simphony_model_1410961940600 for DONE:  no
INFO  [pool-3-thread-1] 2014-09-17 15:08:41,767 repast.simphony.batch.ssh.LocalDonePoller - Polled C:\Users\Chris\AppData\Local\Temp\simphony_model_1410961940600 for DONE:  no
INFO  [pool-3-thread-1] 2014-09-17 15:09:41,775 repast.simphony.batch.ssh.LocalDonePoller - Polled C:\Users\Chris\AppData\Local\Temp\simphony_model_1410961940600 for DONE:  no
INFO  [pool-3-thread-1] 2014-09-17 15:10:41,778 repast.simphony.batch.ssh.LocalDonePoller - Polled C:\Users\Chris\AppData\Local\Temp\simphony_model_1410961940600 for DONE:  no
INFO  [pool-3-thread-1] 2014-09-17 15:11:41,783 repast.simphony.batch.ssh.LocalDonePoller - Polled C:\Users\Chris\AppData\Local\Temp\simphony_model_1410961940600 for DONE:  no
INFO  [pool-3-thread-1] 2014-09-17 15:12:41,788 repast.simphony.batch.ssh.LocalDonePoller - Polled C:\Users\Chris\AppData\Local\Temp\simphony_model_1410961940600 for DONE:  no
INFO  [pool-3-thread-1] 2014-09-17 15:13:41,802 repast.simphony.batch.ssh.LocalDonePoller - Polled C:\Users\Chris\AppData\Local\Temp\simphony_model_1410961940600 for DONE:  no
INFO  [pool-3-thread-1] 2014-09-17 15:14:41,804 repast.simphony.batch.ssh.LocalDonePoller - Polled C:\Users\Chris\AppData\Local\Temp\simphony_model_1410961940600 for DONE:  no
INFO  [pool-3-thread-1] 2014-09-17 15:15:41,808 repast.simphony.batch.ssh.LocalDonePoller - Polled C:\Users\Chris\AppData\Local\Temp\simphony_model_1410961940600 for DONE:  no
INFO  [pool-3-thread-1] 2014-09-17 15:16:41,821 repast.simphony.batch.ssh.LocalDonePoller - Polled C:\Users\Chris\AppData\Local\Temp\simphony_model_1410961940600 for DONE:  no
INFO  [pool-3-thread-1] 2014-09-17 15:17:41,822 repast.simphony.batch.ssh.LocalDonePoller - Polled C:\Users\Chris\AppData\Local\Temp\simphony_model_1410961940600 for DONE:  no
INFO  [pool-3-thread-1] 2014-09-17 15:18:41,824 repast.simphony.batch.ssh.LocalDonePoller - Polled C:\Users\Chris\AppData\Local\Temp\simphony_model_1410961940600 for DONE:  no
INFO  [pool-3-thread-1] 2014-09-17 15:19:41,828 repast.simphony.batch.ssh.LocalDonePoller - Polled C:\Users\Chris\AppData\Local\Temp\simphony_model_1410961940600 for DONE:  no
INFO  [pool-3-thread-1] 2014-09-17 15:20:41,835 repast.simphony.batch.ssh.LocalDonePoller - Polled C:\Users\Chris\AppData\Local\Temp\simphony_model_1410961940600 for DONE:  no
INFO  [pool-3-thread-1] 2014-09-17 15:21:41,838 repast.simphony.batch.ssh.LocalDonePoller - Polled C:\Users\Chris\AppData\Local\Temp\simphony_model_1410961940600 for DONE:  no
INFO  [pool-3-thread-1] 2014-09-17 15:22:41,846 repast.simphony.batch.ssh.LocalDonePoller - Polled C:\Users\Chris\AppData\Local\Temp\simphony_model_1410961940600 for DONE:  no
INFO  [pool-3-thread-1] 2014-09-17 15:23:41,857 repast.simphony.batch.ssh.LocalDonePoller - Polled C:\Users\Chris\AppData\Local\Temp\simphony_model_1410961940600 for DONE:  no
INFO  [pool-3-thread-1] 2014-09-17 15:24:41,870 repast.simphony.batch.ssh.LocalDonePoller - Polled C:\Users\Chris\AppData\Local\Temp\simphony_model_1410961940600 for DONE:  no
INFO  [pool-3-thread-1] 2014-09-17 15:25:41,877 repast.simphony.batch.ssh.LocalDonePoller - Polled C:\Users\Chris\AppData\Local\Temp\simphony_model_1410961940600 for DONE:  no
INFO  [pool-3-thread-1] 2014-09-17 15:26:41,885 repast.simphony.batch.ssh.LocalDonePoller - Polled C:\Users\Chris\AppData\Local\Temp\simphony_model_1410961940600 for DONE:  no
INFO  [pool-3-thread-1] 2014-09-17 15:27:41,889 repast.simphony.batch.ssh.LocalDonePoller - Polled C:\Users\Chris\AppData\Local\Temp\simphony_model_1410961940600 for DONE:  no
INFO  [pool-3-thread-1] 2014-09-17 15:28:41,896 repast.simphony.batch.ssh.LocalDonePoller - Polled C:\Users\Chris\AppData\Local\Temp\simphony_model_1410961940600 for DONE:  no
INFO  [pool-3-thread-1] 2014-09-17 15:29:41,899 repast.simphony.batch.ssh.LocalDonePoller - Polled C:\Users\Chris\AppData\Local\Temp\simphony_model_1410961940600 for DONE:  no
INFO  [pool-3-thread-1] 2014-09-17 15:30:41,904 repast.simphony.batch.ssh.LocalDonePoller - Polled C:\Users\Chris\AppData\Local\Temp\simphony_model_1410961940600 for DONE:  no
INFO  [pool-3-thread-1] 2014-09-17 15:31:41,918 repast.simphony.batch.ssh.LocalDonePoller - Polled C:\Users\Chris\AppData\Local\Temp\simphony_model_1410961940600 for DONE:  no
INFO  [pool-3-thread-1] 2014-09-17 15:32:41,922 repast.simphony.batch.ssh.LocalDonePoller - Polled C:\Users\Chris\AppData\Local\Temp\simphony_model_1410961940600 for DONE:  no
INFO  [pool-3-thread-1] 2014-09-17 15:33:41,923 repast.simphony.batch.ssh.LocalDonePoller - Polled C:\Users\Chris\AppData\Local\Temp\simphony_model_1410961940600 for DONE:  no
INFO  [pool-3-thread-1] 2014-09-17 15:34:41,947 repast.simphony.batch.ssh.LocalDonePoller - Polled C:\Users\Chris\AppData\Local\Temp\simphony_model_1410961940600 for DONE:  no
INFO  [pool-3-thread-1] 2014-09-17 15:35:41,949 repast.simphony.batch.ssh.LocalDonePoller - Polled C:\Users\Chris\AppData\Local\Temp\simphony_model_1410961940600 for DONE:  no
INFO  [pool-3-thread-1] 2014-09-17 15:36:41,951 repast.simphony.batch.ssh.LocalDonePoller - Polled C:\Users\Chris\AppData\Local\Temp\simphony_model_1410961940600 for DONE:  no
INFO  [pool-3-thread-1] 2014-09-17 15:37:41,954 repast.simphony.batch.ssh.LocalDonePoller - Polled C:\Users\Chris\AppData\Local\Temp\simphony_model_1410961940600 for DONE:  no
INFO  [pool-3-thread-1] 2014-09-17 15:38:41,957 repast.simphony.batch.ssh.LocalDonePoller - Polled C:\Users\Chris\AppData\Local\Temp\simphony_model_1410961940600 for DONE:  no
INFO  [pool-3-thread-1] 2014-09-17 15:39:41,960 repast.simphony.batch.ssh.LocalDonePoller - Polled C:\Users\Chris\AppData\Local\Temp\simphony_model_1410961940600 for DONE:  no
INFO  [pool-3-thread-1] 2014-09-17 15:40:41,973 repast.simphony.batch.ssh.LocalDonePoller - Polled C:\Users\Chris\AppData\Local\Temp\simphony_model_1410961940600 for DONE:  no
INFO  [pool-3-thread-1] 2014-09-17 15:41:41,973 repast.simphony.batch.ssh.LocalDonePoller - Polled C:\Users\Chris\AppData\Local\Temp\simphony_model_1410961940600 for DONE:  no
INFO  [pool-3-thread-1] 2014-09-17 15:42:41,975 repast.simphony.batch.ssh.LocalDonePoller - Polled C:\Users\Chris\AppData\Local\Temp\simphony_model_1410961940600 for DONE:  no
INFO  [pool-3-thread-1] 2014-09-17 15:43:41,978 repast.simphony.batch.ssh.LocalDonePoller - Polled C:\Users\Chris\AppData\Local\Temp\simphony_model_1410961940600 for DONE:  no
INFO  [pool-3-thread-1] 2014-09-17 15:44:41,979 repast.simphony.batch.ssh.LocalDonePoller - Polled C:\Users\Chris\AppData\Local\Temp\simphony_model_1410961940600 for DONE:  no
INFO  [pool-3-thread-1] 2014-09-17 15:45:42,002 repast.simphony.batch.ssh.LocalDonePoller - Polled C:\Users\Chris\AppData\Local\Temp\simphony_model_1410961940600 for DONE:  no
INFO  [pool-3-thread-1] 2014-09-17 15:46:42,004 repast.simphony.batch.ssh.LocalDonePoller - Polled C:\Users\Chris\AppData\Local\Temp\simphony_model_1410961940600 for DONE:  no
INFO  [pool-3-thread-1] 2014-09-17 15:47:42,164 repast.simphony.batch.ssh.LocalDonePoller - Polled C:\Users\Chris\AppData\Local\Temp\simphony_model_1410961940600 for DONE:  no
INFO  [pool-3-thread-1] 2014-09-17 15:48:42,166 repast.simphony.batch.ssh.LocalDonePoller - Polled C:\Users\Chris\AppData\Local\Temp\simphony_model_1410961940600 for DONE:  no
INFO  [pool-3-thread-1] 2014-09-17 15:49:42,166 repast.simphony.batch.ssh.LocalDonePoller - Polled C:\Users\Chris\AppData\Local\Temp\simphony_model_1410961940600 for DONE:  no
INFO  [pool-3-thread-1] 2014-09-17 15:50:42,169 repast.simphony.batch.ssh.LocalDonePoller - Polled C:\Users\Chris\AppData\Local\Temp\simphony_model_1410961940600 for DONE:  no
INFO  [pool-3-thread-1] 2014-09-17 15:51:42,175 repast.simphony.batch.ssh.LocalDonePoller - Polled C:\Users\Chris\AppData\Local\Temp\simphony_model_1410961940600 for DONE:  no
INFO  [pool-3-thread-1] 2014-09-17 15:52:42,186 repast.simphony.batch.ssh.LocalDonePoller - Polled C:\Users\Chris\AppData\Local\Temp\simphony_model_1410961940600 for DONE:  no
INFO  [pool-3-thread-1] 2014-09-17 15:53:42,193 repast.simphony.batch.ssh.LocalDonePoller - Polled C:\Users\Chris\AppData\Local\Temp\simphony_model_1410961940600 for DONE:  no
INFO  [pool-3-thread-1] 2014-09-17 15:54:42,197 repast.simphony.batch.ssh.LocalDonePoller - Polled C:\Users\Chris\AppData\Local\Temp\simphony_model_1410961940600 for DONE:  no
INFO  [pool-3-thread-1] 2014-09-17 15:55:42,200 repast.simphony.batch.ssh.LocalDonePoller - Polled C:\Users\Chris\AppData\Local\Temp\simphony_model_1410961940600 for DONE:  no
INFO  [pool-3-thread-1] 2014-09-17 15:56:42,202 repast.simphony.batch.ssh.LocalDonePoller - Polled C:\Users\Chris\AppData\Local\Temp\simphony_model_1410961940600 for DONE:  no
INFO  [pool-3-thread-1] 2014-09-17 15:57:42,203 repast.simphony.batch.ssh.LocalDonePoller - Polled C:\Users\Chris\AppData\Local\Temp\simphony_model_1410961940600 for DONE:  no
INFO  [pool-3-thread-1] 2014-09-17 15:58:42,205 repast.simphony.batch.ssh.LocalDonePoller - Polled C:\Users\Chris\AppData\Local\Temp\simphony_model_1410961940600 for DONE:  no
INFO  [pool-3-thread-1] 2014-09-17 15:59:42,208 repast.simphony.batch.ssh.LocalDonePoller - Polled C:\Users\Chris\AppData\Local\Temp\simphony_model_1410961940600 for DONE:  no
INFO  [pool-3-thread-1] 2014-09-17 16:00:42,210 repast.simphony.batch.ssh.LocalDonePoller - Polled C:\Users\Chris\AppData\Local\Temp\simphony_model_1410961940600 for DONE:  no
INFO  [pool-3-thread-1] 2014-09-17 16:01:42,218 repast.simphony.batch.ssh.LocalDonePoller - Polled C:\Users\Chris\AppData\Local\Temp\simphony_model_1410961940600 for DONE:  no
INFO  [pool-3-thread-1] 2014-09-17 16:02:42,227 repast.simphony.batch.ssh.LocalDonePoller - Polled C:\Users\Chris\AppData\Local\Temp\simphony_model_1410961940600 for DONE:  no
INFO  [pool-3-thread-1] 2014-09-17 16:03:42,230 repast.simphony.batch.ssh.LocalDonePoller - Polled C:\Users\Chris\AppData\Local\Temp\simphony_model_1410961940600 for DONE:  no
INFO  [pool-3-thread-1] 2014-09-17 16:04:42,233 repast.simphony.batch.ssh.LocalDonePoller - Polled C:\Users\Chris\AppData\Local\Temp\simphony_model_1410961940600 for DONE:  no
INFO  [pool-3-thread-1] 2014-09-17 16:05:42,237 repast.simphony.batch.ssh.LocalDonePoller - Polled C:\Users\Chris\AppData\Local\Temp\simphony_model_1410961940600 for DONE:  no
INFO  [pool-3-thread-1] 2014-09-17 16:06:42,251 repast.simphony.batch.ssh.LocalDonePoller - Polled C:\Users\Chris\AppData\Local\Temp\simphony_model_1410961940600 for DONE:  no
INFO  [pool-3-thread-1] 2014-09-17 16:07:42,269 repast.simphony.batch.ssh.LocalDonePoller - Polled C:\Users\Chris\AppData\Local\Temp\simphony_model_1410961940600 for DONE:  no
INFO  [pool-3-thread-1] 2014-09-17 16:08:42,279 repast.simphony.batch.ssh.LocalDonePoller - Polled C:\Users\Chris\AppData\Local\Temp\simphony_model_1410961940600 for DONE:  no
INFO  [pool-3-thread-1] 2014-09-17 16:09:42,292 repast.simphony.batch.ssh.LocalDonePoller - Polled C:\Users\Chris\AppData\Local\Temp\simphony_model_1410961940600 for DONE:  no
INFO  [pool-3-thread-1] 2014-09-17 16:10:42,295 repast.simphony.batch.ssh.LocalDonePoller - Polled C:\Users\Chris\AppData\Local\Temp\simphony_model_1410961940600 for DONE:  no
INFO  [pool-3-thread-1] 2014-09-17 16:11:42,305 repast.simphony.batch.ssh.LocalDonePoller - Polled C:\Users\Chris\AppData\Local\Temp\simphony_model_1410961940600 for DONE:  no
INFO  [pool-3-thread-1] 2014-09-17 16:12:42,315 repast.simphony.batch.ssh.LocalDonePoller - Polled C:\Users\Chris\AppData\Local\Temp\simphony_model_1410961940600 for DONE:  no
INFO  [pool-3-thread-1] 2014-09-17 16:13:42,319 repast.simphony.batch.ssh.LocalDonePoller - Polled C:\Users\Chris\AppData\Local\Temp\simphony_model_1410961940600 for DONE:  no
INFO  [pool-3-thread-1] 2014-09-17 16:14:42,322 repast.simphony.batch.ssh.LocalDonePoller - Polled C:\Users\Chris\AppData\Local\Temp\simphony_model_1410961940600 for DONE:  no
INFO  [pool-3-thread-1] 2014-09-17 16:15:42,332 repast.simphony.batch.ssh.LocalDonePoller - Polled C:\Users\Chris\AppData\Local\Temp\simphony_model_1410961940600 for DONE:  no
INFO  [pool-3-thread-1] 2014-09-17 16:16:42,337 repast.simphony.batch.ssh.LocalDonePoller - Polled C:\Users\Chris\AppData\Local\Temp\simphony_model_1410961940600 for DONE:  no
INFO  [pool-3-thread-1] 2014-09-17 16:17:42,349 repast.simphony.batch.ssh.LocalDonePoller - Polled C:\Users\Chris\AppData\Local\Temp\simphony_model_1410961940600 for DONE:  no
INFO  [pool-3-thread-1] 2014-09-17 16:18:42,359 repast.simphony.batch.ssh.LocalDonePoller - Polled C:\Users\Chris\AppData\Local\Temp\simphony_model_1410961940600 for DONE:  no
INFO  [pool-3-thread-1] 2014-09-17 16:19:42,366 repast.simphony.batch.ssh.LocalDonePoller - Polled C:\Users\Chris\AppData\Local\Temp\simphony_model_1410961940600 for DONE:  no
INFO  [pool-3-thread-1] 2014-09-17 16:20:42,369 repast.simphony.batch.ssh.LocalDonePoller - Polled C:\Users\Chris\AppData\Local\Temp\simphony_model_1410961940600 for DONE:  no
INFO  [pool-3-thread-1] 2014-09-17 16:21:42,374 repast.simphony.batch.ssh.LocalDonePoller - Polled C:\Users\Chris\AppData\Local\Temp\simphony_model_1410961940600 for DONE:  no
INFO  [pool-3-thread-1] 2014-09-17 16:22:42,381 repast.simphony.batch.ssh.LocalDonePoller - Polled C:\Users\Chris\AppData\Local\Temp\simphony_model_1410961940600 for DONE:  no
INFO  [pool-3-thread-1] 2014-09-17 16:23:42,588 repast.simphony.batch.ssh.LocalDonePoller - Polled C:\Users\Chris\AppData\Local\Temp\simphony_model_1410961940600 for DONE:  no
INFO  [pool-3-thread-1] 2014-09-17 16:24:42,588 repast.simphony.batch.ssh.LocalDonePoller - Polled C:\Users\Chris\AppData\Local\Temp\simphony_model_1410961940600 for DONE:  no
INFO  [pool-3-thread-1] 2014-09-17 16:25:42,597 repast.simphony.batch.ssh.LocalDonePoller - Polled C:\Users\Chris\AppData\Local\Temp\simphony_model_1410961940600 for DONE:  no
INFO  [pool-3-thread-1] 2014-09-17 16:26:42,598 repast.simphony.batch.ssh.LocalDonePoller - Polled C:\Users\Chris\AppData\Local\Temp\simphony_model_1410961940600 for DONE:  no
INFO  [pool-3-thread-1] 2014-09-17 16:27:42,602 repast.simphony.batch.ssh.LocalDonePoller - Polled C:\Users\Chris\AppData\Local\Temp\simphony_model_1410961940600 for DONE:  no
INFO  [pool-3-thread-1] 2014-09-17 16:28:42,610 repast.simphony.batch.ssh.LocalDonePoller - Polled C:\Users\Chris\AppData\Local\Temp\simphony_model_1410961940600 for DONE:  no
INFO  [pool-3-thread-1] 2014-09-17 16:29:42,619 repast.simphony.batch.ssh.LocalDonePoller - Polled C:\Users\Chris\AppData\Local\Temp\simphony_model_1410961940600 for DONE:  no
INFO  [pool-3-thread-1] 2014-09-17 16:30:42,623 repast.simphony.batch.ssh.LocalDonePoller - Polled C:\Users\Chris\AppData\Local\Temp\simphony_model_1410961940600 for DONE:  no
INFO  [pool-3-thread-1] 2014-09-17 16:31:42,630 repast.simphony.batch.ssh.LocalDonePoller - Polled C:\Users\Chris\AppData\Local\Temp\simphony_model_1410961940600 for DONE:  no
INFO  [pool-3-thread-1] 2014-09-17 16:32:42,633 repast.simphony.batch.ssh.LocalDonePoller - Polled C:\Users\Chris\AppData\Local\Temp\simphony_model_1410961940600 for DONE:  no
INFO  [pool-3-thread-1] 2014-09-17 16:33:42,636 repast.simphony.batch.ssh.LocalDonePoller - Polled C:\Users\Chris\AppData\Local\Temp\simphony_model_1410961940600 for DONE:  no
INFO  [pool-3-thread-1] 2014-09-17 16:34:42,639 repast.simphony.batch.ssh.LocalDonePoller - Polled C:\Users\Chris\AppData\Local\Temp\simphony_model_1410961940600 for DONE:  no
INFO  [pool-3-thread-1] 2014-09-17 16:35:42,655 repast.simphony.batch.ssh.LocalDonePoller - Polled C:\Users\Chris\AppData\Local\Temp\simphony_model_1410961940600 for DONE:  no
INFO  [pool-3-thread-1] 2014-09-17 16:36:42,662 repast.simphony.batch.ssh.LocalDonePoller - Polled C:\Users\Chris\AppData\Local\Temp\simphony_model_1410961940600 for DONE:  no
INFO  [pool-3-thread-1] 2014-09-17 16:37:42,667 repast.simphony.batch.ssh.LocalDonePoller - Polled C:\Users\Chris\AppData\Local\Temp\simphony_model_1410961940600 for DONE:  no
INFO  [pool-3-thread-1] 2014-09-17 16:38:42,668 repast.simphony.batch.ssh.LocalDonePoller - Polled C:\Users\Chris\AppData\Local\Temp\simphony_model_1410961940600 for DONE:  no
INFO  [pool-3-thread-1] 2014-09-17 16:39:42,671 repast.simphony.batch.ssh.LocalDonePoller - Polled C:\Users\Chris\AppData\Local\Temp\simphony_model_1410961940600 for DONE:  no
INFO  [pool-3-thread-1] 2014-09-17 16:40:42,678 repast.simphony.batch.ssh.LocalDonePoller - Polled C:\Users\Chris\AppData\Local\Temp\simphony_model_1410961940600 for DONE:  no
INFO  [pool-3-thread-1] 2014-09-17 16:41:42,682 repast.simphony.batch.ssh.LocalDonePoller - Polled C:\Users\Chris\AppData\Local\Temp\simphony_model_1410961940600 for DONE:  no
INFO  [pool-3-thread-1] 2014-09-17 16:42:42,684 repast.simphony.batch.ssh.LocalDonePoller - Polled C:\Users\Chris\AppData\Local\Temp\simphony_model_1410961940600 for DONE:  no
INFO  [pool-3-thread-1] 2014-09-17 16:43:42,686 repast.simphony.batch.ssh.LocalDonePoller - Polled C:\Users\Chris\AppData\Local\Temp\simphony_model_1410961940600 for DONE:  no
INFO  [pool-3-thread-1] 2014-09-17 16:44:42,688 repast.simphony.batch.ssh.LocalDonePoller - Polled C:\Users\Chris\AppData\Local\Temp\simphony_model_1410961940600 for DONE:  no
INFO  [pool-3-thread-1] 2014-09-17 16:45:42,693 repast.simphony.batch.ssh.LocalDonePoller - Polled C:\Users\Chris\AppData\Local\Temp\simphony_model_1410961940600 for DONE:  no
INFO  [pool-3-thread-1] 2014-09-17 16:46:42,712 repast.simphony.batch.ssh.LocalDonePoller - Polled C:\Users\Chris\AppData\Local\Temp\simphony_model_1410961940600 for DONE:  no
INFO  [pool-3-thread-1] 2014-09-17 16:47:42,715 repast.simphony.batch.ssh.LocalDonePoller - Polled C:\Users\Chris\AppData\Local\Temp\simphony_model_1410961940600 for DONE:  no
INFO  [pool-3-thread-1] 2014-09-17 16:48:42,724 repast.simphony.batch.ssh.LocalDonePoller - Polled C:\Users\Chris\AppData\Local\Temp\simphony_model_1410961940600 for DONE:  no
INFO  [pool-3-thread-1] 2014-09-17 16:49:42,744 repast.simphony.batch.ssh.LocalDonePoller - Polled C:\Users\Chris\AppData\Local\Temp\simphony_model_1410961940600 for DONE:  no
INFO  [pool-3-thread-1] 2014-09-17 16:50:42,747 repast.simphony.batch.ssh.LocalDonePoller - Polled C:\Users\Chris\AppData\Local\Temp\simphony_model_1410961940600 for DONE:  no
INFO  [pool-3-thread-1] 2014-09-17 16:51:42,757 repast.simphony.batch.ssh.LocalDonePoller - Polled C:\Users\Chris\AppData\Local\Temp\simphony_model_1410961940600 for DONE:  no
INFO  [pool-3-thread-1] 2014-09-17 16:52:42,759 repast.simphony.batch.ssh.LocalDonePoller - Polled C:\Users\Chris\AppData\Local\Temp\simphony_model_1410961940600 for DONE:  no
INFO  [pool-3-thread-1] 2014-09-17 16:53:42,763 repast.simphony.batch.ssh.LocalDonePoller - Polled C:\Users\Chris\AppData\Local\Temp\simphony_model_1410961940600 for DONE:  no
INFO  [pool-3-thread-1] 2014-09-17 16:54:42,765 repast.simphony.batch.ssh.LocalDonePoller - Polled C:\Users\Chris\AppData\Local\Temp\simphony_model_1410961940600 for DONE:  no
INFO  [pool-3-thread-1] 2014-09-17 16:55:42,842 repast.simphony.batch.ssh.LocalDonePoller - Polled C:\Users\Chris\AppData\Local\Temp\simphony_model_1410961940600 for DONE:  no
INFO  [pool-3-thread-1] 2014-09-17 16:56:42,851 repast.simphony.batch.ssh.LocalDonePoller - Polled C:\Users\Chris\AppData\Local\Temp\simphony_model_1410961940600 for DONE:  no
INFO  [pool-3-thread-1] 2014-09-17 16:57:42,856 repast.simphony.batch.ssh.LocalDonePoller - Polled C:\Users\Chris\AppData\Local\Temp\simphony_model_1410961940600 for DONE:  no
INFO  [pool-3-thread-1] 2014-09-17 16:58:42,956 repast.simphony.batch.ssh.LocalDonePoller - Polled C:\Users\Chris\AppData\Local\Temp\simphony_model_1410961940600 for DONE:  no
INFO  [pool-3-thread-1] 2014-09-17 16:59:42,957 repast.simphony.batch.ssh.LocalDonePoller - Polled C:\Users\Chris\AppData\Local\Temp\simphony_model_1410961940600 for DONE:  no
INFO  [pool-3-thread-1] 2014-09-17 17:00:42,959 repast.simphony.batch.ssh.LocalDonePoller - Polled C:\Users\Chris\AppData\Local\Temp\simphony_model_1410961940600 for DONE:  no
INFO  [pool-3-thread-1] 2014-09-17 17:01:42,961 repast.simphony.batch.ssh.LocalDonePoller - Polled C:\Users\Chris\AppData\Local\Temp\simphony_model_1410961940600 for DONE:  no
INFO  [pool-3-thread-1] 2014-09-17 17:02:42,973 repast.simphony.batch.ssh.LocalDonePoller - Polled C:\Users\Chris\AppData\Local\Temp\simphony_model_1410961940600 for DONE:  no
INFO  [pool-3-thread-1] 2014-09-17 17:03:42,976 repast.simphony.batch.ssh.LocalDonePoller - Polled C:\Users\Chris\AppData\Local\Temp\simphony_model_1410961940600 for DONE:  no
INFO  [pool-3-thread-1] 2014-09-17 17:04:42,992 repast.simphony.batch.ssh.LocalDonePoller - Polled C:\Users\Chris\AppData\Local\Temp\simphony_model_1410961940600 for DONE:  no
INFO  [pool-3-thread-1] 2014-09-17 17:05:42,994 repast.simphony.batch.ssh.LocalDonePoller - Polled C:\Users\Chris\AppData\Local\Temp\simphony_model_1410961940600 for DONE:  no
INFO  [pool-3-thread-1] 2014-09-17 17:06:42,995 repast.simphony.batch.ssh.LocalDonePoller - Polled C:\Users\Chris\AppData\Local\Temp\simphony_model_1410961940600 for DONE:  no
INFO  [pool-3-thread-1] 2014-09-17 17:07:43,000 repast.simphony.batch.ssh.LocalDonePoller - Polled C:\Users\Chris\AppData\Local\Temp\simphony_model_1410961940600 for DONE:  no
INFO  [pool-3-thread-1] 2014-09-17 17:08:43,003 repast.simphony.batch.ssh.LocalDonePoller - Polled C:\Users\Chris\AppData\Local\Temp\simphony_model_1410961940600 for DONE:  no
INFO  [pool-3-thread-1] 2014-09-17 17:09:43,005 repast.simphony.batch.ssh.LocalDonePoller - Polled C:\Users\Chris\AppData\Local\Temp\simphony_model_1410961940600 for DONE:  no
INFO  [pool-3-thread-1] 2014-09-17 17:10:43,011 repast.simphony.batch.ssh.LocalDonePoller - Polled C:\Users\Chris\AppData\Local\Temp\simphony_model_1410961940600 for DONE:  no
INFO  [pool-3-thread-1] 2014-09-17 17:11:43,016 repast.simphony.batch.ssh.LocalDonePoller - Polled C:\Users\Chris\AppData\Local\Temp\simphony_model_1410961940600 for DONE:  no
INFO  [pool-3-thread-1] 2014-09-17 17:12:43,017 repast.simphony.batch.ssh.LocalDonePoller - Polled C:\Users\Chris\AppData\Local\Temp\simphony_model_1410961940600 for DONE:  no
INFO  [pool-3-thread-1] 2014-09-17 17:13:43,021 repast.simphony.batch.ssh.LocalDonePoller - Polled C:\Users\Chris\AppData\Local\Temp\simphony_model_1410961940600 for DONE:  no
INFO  [pool-3-thread-1] 2014-09-17 17:14:43,037 repast.simphony.batch.ssh.LocalDonePoller - Polled C:\Users\Chris\AppData\Local\Temp\simphony_model_1410961940600 for DONE:  no
INFO  [pool-3-thread-1] 2014-09-17 17:15:43,047 repast.simphony.batch.ssh.LocalDonePoller - Polled C:\Users\Chris\AppData\Local\Temp\simphony_model_1410961940600 for DONE:  no
INFO  [pool-3-thread-1] 2014-09-17 17:16:43,047 repast.simphony.batch.ssh.LocalDonePoller - Polled C:\Users\Chris\AppData\Local\Temp\simphony_model_1410961940600 for DONE:  no
INFO  [pool-3-thread-1] 2014-09-17 17:17:43,048 repast.simphony.batch.ssh.LocalDonePoller - Polled C:\Users\Chris\AppData\Local\Temp\simphony_model_1410961940600 for DONE:  no
INFO  [pool-3-thread-1] 2014-09-17 17:18:43,054 repast.simphony.batch.ssh.LocalDonePoller - Polled C:\Users\Chris\AppData\Local\Temp\simphony_model_1410961940600 for DONE:  no
INFO  [pool-3-thread-1] 2014-09-17 17:19:43,063 repast.simphony.batch.ssh.LocalDonePoller - Polled C:\Users\Chris\AppData\Local\Temp\simphony_model_1410961940600 for DONE:  no
INFO  [pool-3-thread-1] 2014-09-17 17:20:43,070 repast.simphony.batch.ssh.LocalDonePoller - Polled C:\Users\Chris\AppData\Local\Temp\simphony_model_1410961940600 for DONE:  no
INFO  [pool-3-thread-1] 2014-09-17 17:21:43,077 repast.simphony.batch.ssh.LocalDonePoller - Polled C:\Users\Chris\AppData\Local\Temp\simphony_model_1410961940600 for DONE:  no
INFO  [pool-3-thread-1] 2014-09-17 17:22:43,079 repast.simphony.batch.ssh.LocalDonePoller - Polled C:\Users\Chris\AppData\Local\Temp\simphony_model_1410961940600 for DONE:  no
INFO  [pool-3-thread-1] 2014-09-17 17:23:43,086 repast.simphony.batch.ssh.LocalDonePoller - Polled C:\Users\Chris\AppData\Local\Temp\simphony_model_1410961940600 for DONE:  no
INFO  [pool-3-thread-1] 2014-09-17 17:24:43,088 repast.simphony.batch.ssh.LocalDonePoller - Polled C:\Users\Chris\AppData\Local\Temp\simphony_model_1410961940600 for DONE:  no
INFO  [pool-3-thread-1] 2014-09-17 17:25:43,090 repast.simphony.batch.ssh.LocalDonePoller - Polled C:\Users\Chris\AppData\Local\Temp\simphony_model_1410961940600 for DONE:  no
INFO  [pool-3-thread-1] 2014-09-17 17:26:43,094 repast.simphony.batch.ssh.LocalDonePoller - Polled C:\Users\Chris\AppData\Local\Temp\simphony_model_1410961940600 for DONE:  no
INFO  [pool-3-thread-1] 2014-09-17 17:27:43,102 repast.simphony.batch.ssh.LocalDonePoller - Polled C:\Users\Chris\AppData\Local\Temp\simphony_model_1410961940600 for DONE:  no
INFO  [pool-3-thread-1] 2014-09-17 17:28:43,112 repast.simphony.batch.ssh.LocalDonePoller - Polled C:\Users\Chris\AppData\Local\Temp\simphony_model_1410961940600 for DONE:  no
INFO  [pool-3-thread-1] 2014-09-17 17:29:43,114 repast.simphony.batch.ssh.LocalDonePoller - Polled C:\Users\Chris\AppData\Local\Temp\simphony_model_1410961940600 for DONE:  no
INFO  [pool-3-thread-1] 2014-09-17 17:30:43,116 repast.simphony.batch.ssh.LocalDonePoller - Polled C:\Users\Chris\AppData\Local\Temp\simphony_model_1410961940600 for DONE:  no
INFO  [pool-3-thread-1] 2014-09-17 17:31:43,119 repast.simphony.batch.ssh.LocalDonePoller - Polled C:\Users\Chris\AppData\Local\Temp\simphony_model_1410961940600 for DONE:  no
INFO  [pool-3-thread-1] 2014-09-17 17:32:43,120 repast.simphony.batch.ssh.LocalDonePoller - Polled C:\Users\Chris\AppData\Local\Temp\simphony_model_1410961940600 for DONE:  no
INFO  [pool-3-thread-1] 2014-09-17 17:33:43,121 repast.simphony.batch.ssh.LocalDonePoller - Polled C:\Users\Chris\AppData\Local\Temp\simphony_model_1410961940600 for DONE:  no
INFO  [pool-3-thread-1] 2014-09-17 17:34:43,122 repast.simphony.batch.ssh.LocalDonePoller - Polled C:\Users\Chris\AppData\Local\Temp\simphony_model_1410961940600 for DONE:  no
INFO  [pool-3-thread-1] 2014-09-17 17:35:43,190 repast.simphony.batch.ssh.LocalDonePoller - Polled C:\Users\Chris\AppData\Local\Temp\simphony_model_1410961940600 for DONE:  no
INFO  [pool-3-thread-1] 2014-09-17 17:36:43,191 repast.simphony.batch.ssh.LocalDonePoller - Polled C:\Users\Chris\AppData\Local\Temp\simphony_model_1410961940600 for DONE:  no
INFO  [pool-3-thread-1] 2014-09-17 17:37:43,192 repast.simphony.batch.ssh.LocalDonePoller - Polled C:\Users\Chris\AppData\Local\Temp\simphony_model_1410961940600 for DONE:  no
INFO  [pool-3-thread-1] 2014-09-17 17:38:43,194 repast.simphony.batch.ssh.LocalDonePoller - Polled C:\Users\Chris\AppData\Local\Temp\simphony_model_1410961940600 for DONE:  no
INFO  [pool-3-thread-1] 2014-09-17 17:39:43,196 repast.simphony.batch.ssh.LocalDonePoller - Polled C:\Users\Chris\AppData\Local\Temp\simphony_model_1410961940600 for DONE:  no
INFO  [pool-3-thread-1] 2014-09-17 17:40:43,197 repast.simphony.batch.ssh.LocalDonePoller - Polled C:\Users\Chris\AppData\Local\Temp\simphony_model_1410961940600 for DONE:  no
INFO  [pool-3-thread-1] 2014-09-17 17:41:43,198 repast.simphony.batch.ssh.LocalDonePoller - Polled C:\Users\Chris\AppData\Local\Temp\simphony_model_1410961940600 for DONE:  no
INFO  [pool-3-thread-1] 2014-09-17 17:42:43,199 repast.simphony.batch.ssh.LocalDonePoller - Polled C:\Users\Chris\AppData\Local\Temp\simphony_model_1410961940600 for DONE:  no
INFO  [pool-3-thread-1] 2014-09-17 17:43:43,200 repast.simphony.batch.ssh.LocalDonePoller - Polled C:\Users\Chris\AppData\Local\Temp\simphony_model_1410961940600 for DONE:  no
INFO  [pool-3-thread-1] 2014-09-17 17:44:43,201 repast.simphony.batch.ssh.LocalDonePoller - Polled C:\Users\Chris\AppData\Local\Temp\simphony_model_1410961940600 for DONE:  no
INFO  [pool-3-thread-1] 2014-09-17 17:45:43,203 repast.simphony.batch.ssh.LocalDonePoller - Polled C:\Users\Chris\AppData\Local\Temp\simphony_model_1410961940600 for DONE:  no
INFO  [pool-3-thread-1] 2014-09-17 17:46:43,204 repast.simphony.batch.ssh.LocalDonePoller - Polled C:\Users\Chris\AppData\Local\Temp\simphony_model_1410961940600 for DONE:  no
INFO  [pool-3-thread-1] 2014-09-17 17:47:43,205 repast.simphony.batch.ssh.LocalDonePoller - Polled C:\Users\Chris\AppData\Local\Temp\simphony_model_1410961940600 for DONE:  no
INFO  [pool-3-thread-1] 2014-09-17 17:48:43,206 repast.simphony.batch.ssh.LocalDonePoller - Polled C:\Users\Chris\AppData\Local\Temp\simphony_model_1410961940600 for DONE:  no
INFO  [pool-3-thread-1] 2014-09-17 17:49:43,208 repast.simphony.batch.ssh.LocalDonePoller - Polled C:\Users\Chris\AppData\Local\Temp\simphony_model_1410961940600 for DONE:  no
INFO  [pool-3-thread-1] 2014-09-17 17:50:43,210 repast.simphony.batch.ssh.LocalDonePoller - Polled C:\Users\Chris\AppData\Local\Temp\simphony_model_1410961940600 for DONE:  no
INFO  [pool-3-thread-1] 2014-09-17 17:51:43,212 repast.simphony.batch.ssh.LocalDonePoller - Polled C:\Users\Chris\AppData\Local\Temp\simphony_model_1410961940600 for DONE:  no
INFO  [pool-3-thread-1] 2014-09-17 17:52:43,212 repast.simphony.batch.ssh.LocalDonePoller - Polled C:\Users\Chris\AppData\Local\Temp\simphony_model_1410961940600 for DONE:  no
INFO  [pool-3-thread-1] 2014-09-17 17:53:43,214 repast.simphony.batch.ssh.LocalDonePoller - Polled C:\Users\Chris\AppData\Local\Temp\simphony_model_1410961940600 for DONE:  no
INFO  [pool-3-thread-1] 2014-09-17 17:54:43,216 repast.simphony.batch.ssh.LocalDonePoller - Polled C:\Users\Chris\AppData\Local\Temp\simphony_model_1410961940600 for DONE:  no
INFO  [pool-3-thread-1] 2014-09-17 17:55:43,219 repast.simphony.batch.ssh.LocalDonePoller - Polled C:\Users\Chris\AppData\Local\Temp\simphony_model_1410961940600 for DONE:  no
INFO  [pool-3-thread-1] 2014-09-17 17:56:43,219 repast.simphony.batch.ssh.LocalDonePoller - Polled C:\Users\Chris\AppData\Local\Temp\simphony_model_1410961940600 for DONE:  no
INFO  [pool-3-thread-1] 2014-09-17 17:57:43,220 repast.simphony.batch.ssh.LocalDonePoller - Polled C:\Users\Chris\AppData\Local\Temp\simphony_model_1410961940600 for DONE:  no
INFO  [pool-3-thread-1] 2014-09-17 17:58:43,222 repast.simphony.batch.ssh.LocalDonePoller - Polled C:\Users\Chris\AppData\Local\Temp\simphony_model_1410961940600 for DONE:  no
INFO  [pool-3-thread-1] 2014-09-17 17:59:43,224 repast.simphony.batch.ssh.LocalDonePoller - Polled C:\Users\Chris\AppData\Local\Temp\simphony_model_1410961940600 for DONE:  no
INFO  [pool-3-thread-1] 2014-09-17 18:00:43,225 repast.simphony.batch.ssh.LocalDonePoller - Polled C:\Users\Chris\AppData\Local\Temp\simphony_model_1410961940600 for DONE:  no
INFO  [pool-3-thread-1] 2014-09-17 18:01:43,226 repast.simphony.batch.ssh.LocalDonePoller - Polled C:\Users\Chris\AppData\Local\Temp\simphony_model_1410961940600 for DONE:  no
INFO  [pool-3-thread-1] 2014-09-17 18:02:43,227 repast.simphony.batch.ssh.LocalDonePoller - Polled C:\Users\Chris\AppData\Local\Temp\simphony_model_1410961940600 for DONE:  no
INFO  [pool-3-thread-1] 2014-09-17 18:03:43,228 repast.simphony.batch.ssh.LocalDonePoller - Polled C:\Users\Chris\AppData\Local\Temp\simphony_model_1410961940600 for DONE:  no
INFO  [pool-3-thread-1] 2014-09-17 18:04:43,228 repast.simphony.batch.ssh.LocalDonePoller - Polled C:\Users\Chris\AppData\Local\Temp\simphony_model_1410961940600 for DONE:  no
INFO  [pool-3-thread-1] 2014-09-17 18:05:43,229 repast.simphony.batch.ssh.LocalDonePoller - Polled C:\Users\Chris\AppData\Local\Temp\simphony_model_1410961940600 for DONE:  no
INFO  [pool-3-thread-1] 2014-09-17 18:06:43,231 repast.simphony.batch.ssh.LocalDonePoller - Polled C:\Users\Chris\AppData\Local\Temp\simphony_model_1410961940600 for DONE:  no
INFO  [pool-3-thread-1] 2014-09-17 18:07:43,232 repast.simphony.batch.ssh.LocalDonePoller - Polled C:\Users\Chris\AppData\Local\Temp\simphony_model_1410961940600 for DONE:  no
INFO  [pool-3-thread-1] 2014-09-17 18:08:43,232 repast.simphony.batch.ssh.LocalDonePoller - Polled C:\Users\Chris\AppData\Local\Temp\simphony_model_1410961940600 for DONE:  no
INFO  [pool-3-thread-1] 2014-09-17 18:09:43,233 repast.simphony.batch.ssh.LocalDonePoller - Polled C:\Users\Chris\AppData\Local\Temp\simphony_model_1410961940600 for DONE:  no
INFO  [pool-3-thread-1] 2014-09-17 18:10:43,235 repast.simphony.batch.ssh.LocalDonePoller - Polled C:\Users\Chris\AppData\Local\Temp\simphony_model_1410961940600 for DONE:  no
INFO  [pool-3-thread-1] 2014-09-17 18:11:43,237 repast.simphony.batch.ssh.LocalDonePoller - Polled C:\Users\Chris\AppData\Local\Temp\simphony_model_1410961940600 for DONE:  no
INFO  [pool-3-thread-1] 2014-09-17 18:12:43,238 repast.simphony.batch.ssh.LocalDonePoller - Polled C:\Users\Chris\AppData\Local\Temp\simphony_model_1410961940600 for DONE:  no
INFO  [pool-3-thread-1] 2014-09-17 18:13:43,399 repast.simphony.batch.ssh.LocalDonePoller - Polled C:\Users\Chris\AppData\Local\Temp\simphony_model_1410961940600 for DONE:  no
INFO  [pool-3-thread-1] 2014-09-17 18:14:43,400 repast.simphony.batch.ssh.LocalDonePoller - Polled C:\Users\Chris\AppData\Local\Temp\simphony_model_1410961940600 for DONE:  no
INFO  [pool-3-thread-1] 2014-09-17 18:15:43,402 repast.simphony.batch.ssh.LocalDonePoller - Polled C:\Users\Chris\AppData\Local\Temp\simphony_model_1410961940600 for DONE:  no
INFO  [pool-3-thread-1] 2014-09-17 18:16:43,403 repast.simphony.batch.ssh.LocalDonePoller - Polled C:\Users\Chris\AppData\Local\Temp\simphony_model_1410961940600 for DONE:  no
INFO  [pool-3-thread-1] 2014-09-17 18:17:43,405 repast.simphony.batch.ssh.LocalDonePoller - Polled C:\Users\Chris\AppData\Local\Temp\simphony_model_1410961940600 for DONE:  no
INFO  [pool-3-thread-1] 2014-09-17 18:18:43,407 repast.simphony.batch.ssh.LocalDonePoller - Polled C:\Users\Chris\AppData\Local\Temp\simphony_model_1410961940600 for DONE:  no
INFO  [pool-3-thread-1] 2014-09-17 18:19:43,408 repast.simphony.batch.ssh.LocalDonePoller - Polled C:\Users\Chris\AppData\Local\Temp\simphony_model_1410961940600 for DONE:  no
INFO  [pool-3-thread-1] 2014-09-17 18:20:43,409 repast.simphony.batch.ssh.LocalDonePoller - Polled C:\Users\Chris\AppData\Local\Temp\simphony_model_1410961940600 for DONE:  no
INFO  [pool-3-thread-1] 2014-09-17 18:21:43,410 repast.simphony.batch.ssh.LocalDonePoller - Polled C:\Users\Chris\AppData\Local\Temp\simphony_model_1410961940600 for DONE:  no
INFO  [pool-3-thread-1] 2014-09-17 18:22:43,412 repast.simphony.batch.ssh.LocalDonePoller - Polled C:\Users\Chris\AppData\Local\Temp\simphony_model_1410961940600 for DONE:  no
INFO  [pool-3-thread-1] 2014-09-17 18:23:43,413 repast.simphony.batch.ssh.LocalDonePoller - Polled C:\Users\Chris\AppData\Local\Temp\simphony_model_1410961940600 for DONE:  no
INFO  [pool-3-thread-1] 2014-09-17 18:24:43,413 repast.simphony.batch.ssh.LocalDonePoller - Polled C:\Users\Chris\AppData\Local\Temp\simphony_model_1410961940600 for DONE:  no
INFO  [pool-3-thread-1] 2014-09-17 18:25:43,415 repast.simphony.batch.ssh.LocalDonePoller - Polled C:\Users\Chris\AppData\Local\Temp\simphony_model_1410961940600 for DONE:  no
INFO  [pool-3-thread-1] 2014-09-17 18:26:43,416 repast.simphony.batch.ssh.LocalDonePoller - Polled C:\Users\Chris\AppData\Local\Temp\simphony_model_1410961940600 for DONE:  no
INFO  [pool-3-thread-1] 2014-09-17 18:27:43,418 repast.simphony.batch.ssh.LocalDonePoller - Polled C:\Users\Chris\AppData\Local\Temp\simphony_model_1410961940600 for DONE:  no
INFO  [pool-3-thread-1] 2014-09-17 18:28:43,419 repast.simphony.batch.ssh.LocalDonePoller - Polled C:\Users\Chris\AppData\Local\Temp\simphony_model_1410961940600 for DONE:  no
INFO  [pool-3-thread-1] 2014-09-17 18:29:43,421 repast.simphony.batch.ssh.LocalDonePoller - Polled C:\Users\Chris\AppData\Local\Temp\simphony_model_1410961940600 for DONE:  no
INFO  [pool-3-thread-1] 2014-09-17 18:30:43,618 repast.simphony.batch.ssh.LocalDonePoller - Polled C:\Users\Chris\AppData\Local\Temp\simphony_model_1410961940600 for DONE:  no
INFO  [pool-3-thread-1] 2014-09-17 18:31:43,619 repast.simphony.batch.ssh.LocalDonePoller - Polled C:\Users\Chris\AppData\Local\Temp\simphony_model_1410961940600 for DONE:  no
INFO  [pool-3-thread-1] 2014-09-17 18:32:43,620 repast.simphony.batch.ssh.LocalDonePoller - Polled C:\Users\Chris\AppData\Local\Temp\simphony_model_1410961940600 for DONE:  no
INFO  [pool-3-thread-1] 2014-09-17 18:33:43,620 repast.simphony.batch.ssh.LocalDonePoller - Polled C:\Users\Chris\AppData\Local\Temp\simphony_model_1410961940600 for DONE:  no
INFO  [pool-3-thread-1] 2014-09-17 18:34:43,623 repast.simphony.batch.ssh.LocalDonePoller - Polled C:\Users\Chris\AppData\Local\Temp\simphony_model_1410961940600 for DONE:  no
INFO  [pool-3-thread-1] 2014-09-17 18:35:43,625 repast.simphony.batch.ssh.LocalDonePoller - Polled C:\Users\Chris\AppData\Local\Temp\simphony_model_1410961940600 for DONE:  no
INFO  [pool-3-thread-1] 2014-09-17 18:36:43,626 repast.simphony.batch.ssh.LocalDonePoller - Polled C:\Users\Chris\AppData\Local\Temp\simphony_model_1410961940600 for DONE:  no
INFO  [pool-3-thread-1] 2014-09-17 18:37:43,627 repast.simphony.batch.ssh.LocalDonePoller - Polled C:\Users\Chris\AppData\Local\Temp\simphony_model_1410961940600 for DONE:  no
INFO  [pool-3-thread-1] 2014-09-17 18:38:43,629 repast.simphony.batch.ssh.LocalDonePoller - Polled C:\Users\Chris\AppData\Local\Temp\simphony_model_1410961940600 for DONE:  no
INFO  [pool-3-thread-1] 2014-09-17 18:39:43,631 repast.simphony.batch.ssh.LocalDonePoller - Polled C:\Users\Chris\AppData\Local\Temp\simphony_model_1410961940600 for DONE:  no
INFO  [pool-3-thread-1] 2014-09-17 18:40:43,633 repast.simphony.batch.ssh.LocalDonePoller - Polled C:\Users\Chris\AppData\Local\Temp\simphony_model_1410961940600 for DONE:  no
INFO  [pool-3-thread-1] 2014-09-17 18:41:43,634 repast.simphony.batch.ssh.LocalDonePoller - Polled C:\Users\Chris\AppData\Local\Temp\simphony_model_1410961940600 for DONE:  no
INFO  [pool-3-thread-1] 2014-09-17 18:42:43,636 repast.simphony.batch.ssh.LocalDonePoller - Polled C:\Users\Chris\AppData\Local\Temp\simphony_model_1410961940600 for DONE:  no
INFO  [pool-3-thread-1] 2014-09-17 18:43:43,638 repast.simphony.batch.ssh.LocalDonePoller - Polled C:\Users\Chris\AppData\Local\Temp\simphony_model_1410961940600 for DONE:  no
INFO  [pool-3-thread-1] 2014-09-17 18:44:43,641 repast.simphony.batch.ssh.LocalDonePoller - Polled C:\Users\Chris\AppData\Local\Temp\simphony_model_1410961940600 for DONE:  no
INFO  [pool-3-thread-1] 2014-09-17 18:45:43,652 repast.simphony.batch.ssh.LocalDonePoller - Polled C:\Users\Chris\AppData\Local\Temp\simphony_model_1410961940600 for DONE:  no
INFO  [pool-3-thread-1] 2014-09-17 18:46:43,659 repast.simphony.batch.ssh.LocalDonePoller - Polled C:\Users\Chris\AppData\Local\Temp\simphony_model_1410961940600 for DONE:  no
INFO  [pool-3-thread-1] 2014-09-17 18:47:43,660 repast.simphony.batch.ssh.LocalDonePoller - Polled C:\Users\Chris\AppData\Local\Temp\simphony_model_1410961940600 for DONE:  no
INFO  [pool-3-thread-1] 2014-09-17 18:48:43,663 repast.simphony.batch.ssh.LocalDonePoller - Polled C:\Users\Chris\AppData\Local\Temp\simphony_model_1410961940600 for DONE:  no
INFO  [pool-3-thread-1] 2014-09-17 18:49:43,665 repast.simphony.batch.ssh.LocalDonePoller - Polled C:\Users\Chris\AppData\Local\Temp\simphony_model_1410961940600 for DONE:  no
INFO  [pool-3-thread-1] 2014-09-17 18:50:43,675 repast.simphony.batch.ssh.LocalDonePoller - Polled C:\Users\Chris\AppData\Local\Temp\simphony_model_1410961940600 for DONE:  no
INFO  [pool-3-thread-1] 2014-09-17 18:51:43,679 repast.simphony.batch.ssh.LocalDonePoller - Polled C:\Users\Chris\AppData\Local\Temp\simphony_model_1410961940600 for DONE:  no
INFO  [pool-3-thread-1] 2014-09-17 18:52:43,790 repast.simphony.batch.ssh.LocalDonePoller - Polled C:\Users\Chris\AppData\Local\Temp\simphony_model_1410961940600 for DONE:  no
INFO  [pool-3-thread-1] 2014-09-17 18:53:43,815 repast.simphony.batch.ssh.LocalDonePoller - Polled C:\Users\Chris\AppData\Local\Temp\simphony_model_1410961940600 for DONE:  no
INFO  [pool-3-thread-1] 2014-09-17 18:54:43,817 repast.simphony.batch.ssh.LocalDonePoller - Polled C:\Users\Chris\AppData\Local\Temp\simphony_model_1410961940600 for DONE:  no
INFO  [pool-3-thread-1] 2014-09-17 18:55:43,864 repast.simphony.batch.ssh.LocalDonePoller - Polled C:\Users\Chris\AppData\Local\Temp\simphony_model_1410961940600 for DONE:  no
INFO  [pool-3-thread-1] 2014-09-17 18:56:43,868 repast.simphony.batch.ssh.LocalDonePoller - Polled C:\Users\Chris\AppData\Local\Temp\simphony_model_1410961940600 for DONE:  no
INFO  [pool-3-thread-1] 2014-09-17 18:57:43,875 repast.simphony.batch.ssh.LocalDonePoller - Polled C:\Users\Chris\AppData\Local\Temp\simphony_model_1410961940600 for DONE:  no
INFO  [pool-3-thread-1] 2014-09-17 18:58:43,880 repast.simphony.batch.ssh.LocalDonePoller - Polled C:\Users\Chris\AppData\Local\Temp\simphony_model_1410961940600 for DONE:  no
INFO  [pool-3-thread-1] 2014-09-17 18:59:43,881 repast.simphony.batch.ssh.LocalDonePoller - Polled C:\Users\Chris\AppData\Local\Temp\simphony_model_1410961940600 for DONE:  no
INFO  [pool-3-thread-1] 2014-09-17 19:00:43,892 repast.simphony.batch.ssh.LocalDonePoller - Polled C:\Users\Chris\AppData\Local\Temp\simphony_model_1410961940600 for DONE:  no
INFO  [pool-3-thread-1] 2014-09-17 19:01:43,893 repast.simphony.batch.ssh.LocalDonePoller - Polled C:\Users\Chris\AppData\Local\Temp\simphony_model_1410961940600 for DONE:  no
INFO  [pool-3-thread-1] 2014-09-17 19:02:43,903 repast.simphony.batch.ssh.LocalDonePoller - Polled C:\Users\Chris\AppData\Local\Temp\simphony_model_1410961940600 for DONE:  no
INFO  [pool-3-thread-1] 2014-09-17 19:03:43,906 repast.simphony.batch.ssh.LocalDonePoller - Polled C:\Users\Chris\AppData\Local\Temp\simphony_model_1410961940600 for DONE:  no
INFO  [pool-3-thread-1] 2014-09-17 19:04:43,922 repast.simphony.batch.ssh.LocalDonePoller - Polled C:\Users\Chris\AppData\Local\Temp\simphony_model_1410961940600 for DONE:  no
INFO  [pool-3-thread-1] 2014-09-17 19:05:43,928 repast.simphony.batch.ssh.LocalDonePoller - Polled C:\Users\Chris\AppData\Local\Temp\simphony_model_1410961940600 for DONE:  no
INFO  [pool-3-thread-1] 2014-09-17 19:06:43,937 repast.simphony.batch.ssh.LocalDonePoller - Polled C:\Users\Chris\AppData\Local\Temp\simphony_model_1410961940600 for DONE:  no
INFO  [pool-3-thread-1] 2014-09-17 19:07:43,945 repast.simphony.batch.ssh.LocalDonePoller - Polled C:\Users\Chris\AppData\Local\Temp\simphony_model_1410961940600 for DONE:  no
INFO  [pool-3-thread-1] 2014-09-17 19:08:43,954 repast.simphony.batch.ssh.LocalDonePoller - Polled C:\Users\Chris\AppData\Local\Temp\simphony_model_1410961940600 for DONE:  no
INFO  [pool-3-thread-1] 2014-09-17 19:09:43,955 repast.simphony.batch.ssh.LocalDonePoller - Polled C:\Users\Chris\AppData\Local\Temp\simphony_model_1410961940600 for DONE:  no
INFO  [pool-3-thread-1] 2014-09-17 19:10:43,959 repast.simphony.batch.ssh.LocalDonePoller - Polled C:\Users\Chris\AppData\Local\Temp\simphony_model_1410961940600 for DONE:  no
INFO  [pool-3-thread-1] 2014-09-17 19:11:43,962 repast.simphony.batch.ssh.LocalDonePoller - Polled C:\Users\Chris\AppData\Local\Temp\simphony_model_1410961940600 for DONE:  no
INFO  [pool-3-thread-1] 2014-09-17 19:12:43,974 repast.simphony.batch.ssh.LocalDonePoller - Polled C:\Users\Chris\AppData\Local\Temp\simphony_model_1410961940600 for DONE:  no
INFO  [pool-3-thread-1] 2014-09-17 19:13:43,976 repast.simphony.batch.ssh.LocalDonePoller - Polled C:\Users\Chris\AppData\Local\Temp\simphony_model_1410961940600 for DONE:  no
INFO  [pool-3-thread-1] 2014-09-17 19:14:43,986 repast.simphony.batch.ssh.LocalDonePoller - Polled C:\Users\Chris\AppData\Local\Temp\simphony_model_1410961940600 for DONE:  no
INFO  [pool-3-thread-1] 2014-09-17 19:15:43,996 repast.simphony.batch.ssh.LocalDonePoller - Polled C:\Users\Chris\AppData\Local\Temp\simphony_model_1410961940600 for DONE:  no
INFO  [pool-3-thread-1] 2014-09-17 19:16:44,011 repast.simphony.batch.ssh.LocalDonePoller - Polled C:\Users\Chris\AppData\Local\Temp\simphony_model_1410961940600 for DONE:  no
INFO  [pool-3-thread-1] 2014-09-17 19:17:44,012 repast.simphony.batch.ssh.LocalDonePoller - Polled C:\Users\Chris\AppData\Local\Temp\simphony_model_1410961940600 for DONE:  no
INFO  [pool-3-thread-1] 2014-09-17 19:18:44,016 repast.simphony.batch.ssh.LocalDonePoller - Polled C:\Users\Chris\AppData\Local\Temp\simphony_model_1410961940600 for DONE:  no
INFO  [pool-3-thread-1] 2014-09-17 19:19:44,021 repast.simphony.batch.ssh.LocalDonePoller - Polled C:\Users\Chris\AppData\Local\Temp\simphony_model_1410961940600 for DONE:  no
INFO  [pool-3-thread-1] 2014-09-17 19:20:44,028 repast.simphony.batch.ssh.LocalDonePoller - Polled C:\Users\Chris\AppData\Local\Temp\simphony_model_1410961940600 for DONE:  no
INFO  [pool-3-thread-1] 2014-09-17 19:21:44,032 repast.simphony.batch.ssh.LocalDonePoller - Polled C:\Users\Chris\AppData\Local\Temp\simphony_model_1410961940600 for DONE:  no
INFO  [pool-3-thread-1] 2014-09-17 19:22:44,036 repast.simphony.batch.ssh.LocalDonePoller - Polled C:\Users\Chris\AppData\Local\Temp\simphony_model_1410961940600 for DONE:  no
INFO  [pool-3-thread-1] 2014-09-17 19:23:44,045 repast.simphony.batch.ssh.LocalDonePoller - Polled C:\Users\Chris\AppData\Local\Temp\simphony_model_1410961940600 for DONE:  no
INFO  [pool-3-thread-1] 2014-09-17 19:24:44,046 repast.simphony.batch.ssh.LocalDonePoller - Polled C:\Users\Chris\AppData\Local\Temp\simphony_model_1410961940600 for DONE:  no
INFO  [pool-3-thread-1] 2014-09-17 19:25:44,063 repast.simphony.batch.ssh.LocalDonePoller - Polled C:\Users\Chris\AppData\Local\Temp\simphony_model_1410961940600 for DONE:  no
INFO  [pool-3-thread-1] 2014-09-17 19:26:44,068 repast.simphony.batch.ssh.LocalDonePoller - Polled C:\Users\Chris\AppData\Local\Temp\simphony_model_1410961940600 for DONE:  no
INFO  [pool-3-thread-1] 2014-09-17 19:27:44,081 repast.simphony.batch.ssh.LocalDonePoller - Polled C:\Users\Chris\AppData\Local\Temp\simphony_model_1410961940600 for DONE:  no
INFO  [pool-3-thread-1] 2014-09-17 19:28:44,083 repast.simphony.batch.ssh.LocalDonePoller - Polled C:\Users\Chris\AppData\Local\Temp\simphony_model_1410961940600 for DONE:  no
INFO  [pool-3-thread-1] 2014-09-17 19:29:44,098 repast.simphony.batch.ssh.LocalDonePoller - Polled C:\Users\Chris\AppData\Local\Temp\simphony_model_1410961940600 for DONE:  no
INFO  [pool-3-thread-1] 2014-09-17 19:30:44,120 repast.simphony.batch.ssh.LocalDonePoller - Polled C:\Users\Chris\AppData\Local\Temp\simphony_model_1410961940600 for DONE:  no
INFO  [pool-3-thread-1] 2014-09-17 19:31:44,358 repast.simphony.batch.ssh.LocalDonePoller - Polled C:\Users\Chris\AppData\Local\Temp\simphony_model_1410961940600 for DONE:  no
INFO  [pool-3-thread-1] 2014-09-17 19:32:44,373 repast.simphony.batch.ssh.LocalDonePoller - Polled C:\Users\Chris\AppData\Local\Temp\simphony_model_1410961940600 for DONE:  no
INFO  [pool-3-thread-1] 2014-09-17 19:33:44,397 repast.simphony.batch.ssh.LocalDonePoller - Polled C:\Users\Chris\AppData\Local\Temp\simphony_model_1410961940600 for DONE:  no
INFO  [pool-3-thread-1] 2014-09-17 19:34:44,504 repast.simphony.batch.ssh.LocalDonePoller - Polled C:\Users\Chris\AppData\Local\Temp\simphony_model_1410961940600 for DONE:  no
INFO  [pool-3-thread-1] 2014-09-17 19:35:44,518 repast.simphony.batch.ssh.LocalDonePoller - Polled C:\Users\Chris\AppData\Local\Temp\simphony_model_1410961940600 for DONE:  no
INFO  [pool-3-thread-1] 2014-09-17 19:36:44,570 repast.simphony.batch.ssh.LocalDonePoller - Polled C:\Users\Chris\AppData\Local\Temp\simphony_model_1410961940600 for DONE:  no
INFO  [pool-3-thread-1] 2014-09-17 19:37:44,747 repast.simphony.batch.ssh.LocalDonePoller - Polled C:\Users\Chris\AppData\Local\Temp\simphony_model_1410961940600 for DONE:  no
INFO  [pool-3-thread-1] 2014-09-17 19:38:45,118 repast.simphony.batch.ssh.LocalDonePoller - Polled C:\Users\Chris\AppData\Local\Temp\simphony_model_1410961940600 for DONE:  no
INFO  [pool-3-thread-1] 2014-09-17 19:39:45,134 repast.simphony.batch.ssh.LocalDonePoller - Polled C:\Users\Chris\AppData\Local\Temp\simphony_model_1410961940600 for DONE:  no
INFO  [pool-3-thread-1] 2014-09-17 19:40:45,136 repast.simphony.batch.ssh.LocalDonePoller - Polled C:\Users\Chris\AppData\Local\Temp\simphony_model_1410961940600 for DONE:  no
INFO  [pool-3-thread-1] 2014-09-17 19:41:45,137 repast.simphony.batch.ssh.LocalDonePoller - Polled C:\Users\Chris\AppData\Local\Temp\simphony_model_1410961940600 for DONE:  no
INFO  [pool-3-thread-1] 2014-09-17 19:42:45,143 repast.simphony.batch.ssh.LocalDonePoller - Polled C:\Users\Chris\AppData\Local\Temp\simphony_model_1410961940600 for DONE:  no
INFO  [pool-3-thread-1] 2014-09-17 19:43:45,148 repast.simphony.batch.ssh.LocalDonePoller - Polled C:\Users\Chris\AppData\Local\Temp\simphony_model_1410961940600 for DONE:  no
INFO  [pool-3-thread-1] 2014-09-17 19:44:45,151 repast.simphony.batch.ssh.LocalDonePoller - Polled C:\Users\Chris\AppData\Local\Temp\simphony_model_1410961940600 for DONE:  no
INFO  [pool-3-thread-1] 2014-09-17 19:45:45,156 repast.simphony.batch.ssh.LocalDonePoller - Polled C:\Users\Chris\AppData\Local\Temp\simphony_model_1410961940600 for DONE:  no
INFO  [pool-3-thread-1] 2014-09-17 19:46:45,157 repast.simphony.batch.ssh.LocalDonePoller - Polled C:\Users\Chris\AppData\Local\Temp\simphony_model_1410961940600 for DONE:  no
INFO  [pool-3-thread-1] 2014-09-17 19:47:45,161 repast.simphony.batch.ssh.LocalDonePoller - Polled C:\Users\Chris\AppData\Local\Temp\simphony_model_1410961940600 for DONE:  no
INFO  [pool-3-thread-1] 2014-09-17 19:48:45,163 repast.simphony.batch.ssh.LocalDonePoller - Polled C:\Users\Chris\AppData\Local\Temp\simphony_model_1410961940600 for DONE:  no
INFO  [pool-3-thread-1] 2014-09-17 19:49:45,166 repast.simphony.batch.ssh.LocalDonePoller - Polled C:\Users\Chris\AppData\Local\Temp\simphony_model_1410961940600 for DONE:  no
INFO  [pool-3-thread-1] 2014-09-17 19:50:45,176 repast.simphony.batch.ssh.LocalDonePoller - Polled C:\Users\Chris\AppData\Local\Temp\simphony_model_1410961940600 for DONE:  no
INFO  [pool-3-thread-1] 2014-09-17 19:51:45,206 repast.simphony.batch.ssh.LocalDonePoller - Polled C:\Users\Chris\AppData\Local\Temp\simphony_model_1410961940600 for DONE:  no
INFO  [pool-3-thread-1] 2014-09-17 19:52:45,210 repast.simphony.batch.ssh.LocalDonePoller - Polled C:\Users\Chris\AppData\Local\Temp\simphony_model_1410961940600 for DONE:  no
INFO  [pool-3-thread-1] 2014-09-17 19:53:45,222 repast.simphony.batch.ssh.LocalDonePoller - Polled C:\Users\Chris\AppData\Local\Temp\simphony_model_1410961940600 for DONE:  no
INFO  [pool-3-thread-1] 2014-09-17 19:54:45,223 repast.simphony.batch.ssh.LocalDonePoller - Polled C:\Users\Chris\AppData\Local\Temp\simphony_model_1410961940600 for DONE:  no
INFO  [pool-3-thread-1] 2014-09-17 19:55:45,231 repast.simphony.batch.ssh.LocalDonePoller - Polled C:\Users\Chris\AppData\Local\Temp\simphony_model_1410961940600 for DONE:  no
INFO  [pool-3-thread-1] 2014-09-17 19:56:45,233 repast.simphony.batch.ssh.LocalDonePoller - Polled C:\Users\Chris\AppData\Local\Temp\simphony_model_1410961940600 for DONE:  no
INFO  [pool-3-thread-1] 2014-09-17 19:57:45,243 repast.simphony.batch.ssh.LocalDonePoller - Polled C:\Users\Chris\AppData\Local\Temp\simphony_model_1410961940600 for DONE:  no
INFO  [pool-3-thread-1] 2014-09-17 19:58:45,255 repast.simphony.batch.ssh.LocalDonePoller - Polled C:\Users\Chris\AppData\Local\Temp\simphony_model_1410961940600 for DONE:  no
INFO  [pool-3-thread-1] 2014-09-17 19:59:45,258 repast.simphony.batch.ssh.LocalDonePoller - Polled C:\Users\Chris\AppData\Local\Temp\simphony_model_1410961940600 for DONE:  no
INFO  [pool-3-thread-1] 2014-09-17 20:00:45,262 repast.simphony.batch.ssh.LocalDonePoller - Polled C:\Users\Chris\AppData\Local\Temp\simphony_model_1410961940600 for DONE:  no
INFO  [pool-3-thread-1] 2014-09-17 20:01:45,264 repast.simphony.batch.ssh.LocalDonePoller - Polled C:\Users\Chris\AppData\Local\Temp\simphony_model_1410961940600 for DONE:  no
INFO  [pool-3-thread-1] 2014-09-17 20:02:45,274 repast.simphony.batch.ssh.LocalDonePoller - Polled C:\Users\Chris\AppData\Local\Temp\simphony_model_1410961940600 for DONE:  no
INFO  [pool-3-thread-1] 2014-09-17 20:03:45,279 repast.simphony.batch.ssh.LocalDonePoller - Polled C:\Users\Chris\AppData\Local\Temp\simphony_model_1410961940600 for DONE:  no
INFO  [pool-3-thread-1] 2014-09-17 20:04:45,298 repast.simphony.batch.ssh.LocalDonePoller - Polled C:\Users\Chris\AppData\Local\Temp\simphony_model_1410961940600 for DONE:  no
INFO  [pool-3-thread-1] 2014-09-17 20:05:45,301 repast.simphony.batch.ssh.LocalDonePoller - Polled C:\Users\Chris\AppData\Local\Temp\simphony_model_1410961940600 for DONE:  no
INFO  [pool-3-thread-1] 2014-09-17 20:06:45,304 repast.simphony.batch.ssh.LocalDonePoller - Polled C:\Users\Chris\AppData\Local\Temp\simphony_model_1410961940600 for DONE:  no
INFO  [pool-3-thread-1] 2014-09-17 20:07:45,306 repast.simphony.batch.ssh.LocalDonePoller - Polled C:\Users\Chris\AppData\Local\Temp\simphony_model_1410961940600 for DONE:  no
INFO  [pool-3-thread-1] 2014-09-17 20:08:45,312 repast.simphony.batch.ssh.LocalDonePoller - Polled C:\Users\Chris\AppData\Local\Temp\simphony_model_1410961940600 for DONE:  no
INFO  [pool-3-thread-1] 2014-09-17 20:09:45,316 repast.simphony.batch.ssh.LocalDonePoller - Polled C:\Users\Chris\AppData\Local\Temp\simphony_model_1410961940600 for DONE:  no
INFO  [pool-3-thread-1] 2014-09-17 20:10:45,319 repast.simphony.batch.ssh.LocalDonePoller - Polled C:\Users\Chris\AppData\Local\Temp\simphony_model_1410961940600 for DONE:  no
INFO  [pool-3-thread-1] 2014-09-17 20:11:45,319 repast.simphony.batch.ssh.LocalDonePoller - Polled C:\Users\Chris\AppData\Local\Temp\simphony_model_1410961940600 for DONE:  no
INFO  [pool-3-thread-1] 2014-09-17 20:12:45,323 repast.simphony.batch.ssh.LocalDonePoller - Polled C:\Users\Chris\AppData\Local\Temp\simphony_model_1410961940600 for DONE:  no
INFO  [pool-3-thread-1] 2014-09-17 20:13:45,329 repast.simphony.batch.ssh.LocalDonePoller - Polled C:\Users\Chris\AppData\Local\Temp\simphony_model_1410961940600 for DONE:  no
INFO  [pool-3-thread-1] 2014-09-17 20:14:45,331 repast.simphony.batch.ssh.LocalDonePoller - Polled C:\Users\Chris\AppData\Local\Temp\simphony_model_1410961940600 for DONE:  no
INFO  [pool-3-thread-1] 2014-09-17 20:15:45,337 repast.simphony.batch.ssh.LocalDonePoller - Polled C:\Users\Chris\AppData\Local\Temp\simphony_model_1410961940600 for DONE:  no
INFO  [pool-3-thread-1] 2014-09-17 20:16:45,339 repast.simphony.batch.ssh.LocalDonePoller - Polled C:\Users\Chris\AppData\Local\Temp\simphony_model_1410961940600 for DONE:  no
INFO  [pool-3-thread-1] 2014-09-17 20:17:45,364 repast.simphony.batch.ssh.LocalDonePoller - Polled C:\Users\Chris\AppData\Local\Temp\simphony_model_1410961940600 for DONE:  no
INFO  [pool-3-thread-1] 2014-09-17 20:18:45,368 repast.simphony.batch.ssh.LocalDonePoller - Polled C:\Users\Chris\AppData\Local\Temp\simphony_model_1410961940600 for DONE:  no
INFO  [pool-3-thread-1] 2014-09-17 20:19:45,370 repast.simphony.batch.ssh.LocalDonePoller - Polled C:\Users\Chris\AppData\Local\Temp\simphony_model_1410961940600 for DONE:  no
INFO  [pool-3-thread-1] 2014-09-17 20:20:45,384 repast.simphony.batch.ssh.LocalDonePoller - Polled C:\Users\Chris\AppData\Local\Temp\simphony_model_1410961940600 for DONE:  no
INFO  [pool-3-thread-1] 2014-09-17 20:21:45,449 repast.simphony.batch.ssh.LocalDonePoller - Polled C:\Users\Chris\AppData\Local\Temp\simphony_model_1410961940600 for DONE:  no
INFO  [pool-3-thread-1] 2014-09-17 20:22:45,453 repast.simphony.batch.ssh.LocalDonePoller - Polled C:\Users\Chris\AppData\Local\Temp\simphony_model_1410961940600 for DONE:  no
INFO  [pool-3-thread-1] 2014-09-17 20:23:45,465 repast.simphony.batch.ssh.LocalDonePoller - Polled C:\Users\Chris\AppData\Local\Temp\simphony_model_1410961940600 for DONE:  no
INFO  [pool-3-thread-1] 2014-09-17 20:24:45,467 repast.simphony.batch.ssh.LocalDonePoller - Polled C:\Users\Chris\AppData\Local\Temp\simphony_model_1410961940600 for DONE:  no
INFO  [pool-3-thread-1] 2014-09-17 20:25:45,469 repast.simphony.batch.ssh.LocalDonePoller - Polled C:\Users\Chris\AppData\Local\Temp\simphony_model_1410961940600 for DONE:  no
INFO  [pool-3-thread-1] 2014-09-17 20:26:45,479 repast.simphony.batch.ssh.LocalDonePoller - Polled C:\Users\Chris\AppData\Local\Temp\simphony_model_1410961940600 for DONE:  no
INFO  [pool-3-thread-1] 2014-09-17 20:27:45,485 repast.simphony.batch.ssh.LocalDonePoller - Polled C:\Users\Chris\AppData\Local\Temp\simphony_model_1410961940600 for DONE:  no
INFO  [pool-3-thread-1] 2014-09-17 20:28:45,489 repast.simphony.batch.ssh.LocalDonePoller - Polled C:\Users\Chris\AppData\Local\Temp\simphony_model_1410961940600 for DONE:  no
INFO  [pool-3-thread-1] 2014-09-17 20:29:45,491 repast.simphony.batch.ssh.LocalDonePoller - Polled C:\Users\Chris\AppData\Local\Temp\simphony_model_1410961940600 for DONE:  no
INFO  [pool-3-thread-1] 2014-09-17 20:30:45,501 repast.simphony.batch.ssh.LocalDonePoller - Polled C:\Users\Chris\AppData\Local\Temp\simphony_model_1410961940600 for DONE:  no
INFO  [pool-3-thread-1] 2014-09-17 20:31:45,514 repast.simphony.batch.ssh.LocalDonePoller - Polled C:\Users\Chris\AppData\Local\Temp\simphony_model_1410961940600 for DONE:  no
INFO  [pool-3-thread-1] 2014-09-17 20:32:45,522 repast.simphony.batch.ssh.LocalDonePoller - Polled C:\Users\Chris\AppData\Local\Temp\simphony_model_1410961940600 for DONE:  no
INFO  [pool-3-thread-1] 2014-09-17 20:33:45,529 repast.simphony.batch.ssh.LocalDonePoller - Polled C:\Users\Chris\AppData\Local\Temp\simphony_model_1410961940600 for DONE:  no
INFO  [pool-3-thread-1] 2014-09-17 20:34:45,531 repast.simphony.batch.ssh.LocalDonePoller - Polled C:\Users\Chris\AppData\Local\Temp\simphony_model_1410961940600 for DONE:  no
INFO  [pool-3-thread-1] 2014-09-17 20:35:45,539 repast.simphony.batch.ssh.LocalDonePoller - Polled C:\Users\Chris\AppData\Local\Temp\simphony_model_1410961940600 for DONE:  no
INFO  [pool-3-thread-1] 2014-09-17 20:36:45,541 repast.simphony.batch.ssh.LocalDonePoller - Polled C:\Users\Chris\AppData\Local\Temp\simphony_model_1410961940600 for DONE:  no
INFO  [pool-3-thread-1] 2014-09-17 20:37:45,554 repast.simphony.batch.ssh.LocalDonePoller - Polled C:\Users\Chris\AppData\Local\Temp\simphony_model_1410961940600 for DONE:  no
INFO  [pool-3-thread-1] 2014-09-17 20:38:45,583 repast.simphony.batch.ssh.LocalDonePoller - Polled C:\Users\Chris\AppData\Local\Temp\simphony_model_1410961940600 for DONE:  no
INFO  [pool-3-thread-1] 2014-09-17 20:39:45,601 repast.simphony.batch.ssh.LocalDonePoller - Polled C:\Users\Chris\AppData\Local\Temp\simphony_model_1410961940600 for DONE:  no
INFO  [pool-3-thread-1] 2014-09-17 20:40:45,737 repast.simphony.batch.ssh.LocalDonePoller - Polled C:\Users\Chris\AppData\Local\Temp\simphony_model_1410961940600 for DONE:  no
INFO  [pool-3-thread-1] 2014-09-17 20:41:45,770 repast.simphony.batch.ssh.LocalDonePoller - Polled C:\Users\Chris\AppData\Local\Temp\simphony_model_1410961940600 for DONE:  no
INFO  [pool-3-thread-1] 2014-09-17 20:42:45,853 repast.simphony.batch.ssh.LocalDonePoller - Polled C:\Users\Chris\AppData\Local\Temp\simphony_model_1410961940600 for DONE:  no
INFO  [pool-3-thread-1] 2014-09-17 20:43:46,645 repast.simphony.batch.ssh.LocalDonePoller - Polled C:\Users\Chris\AppData\Local\Temp\simphony_model_1410961940600 for DONE:  no
INFO  [pool-3-thread-1] 2014-09-17 20:44:46,676 repast.simphony.batch.ssh.LocalDonePoller - Polled C:\Users\Chris\AppData\Local\Temp\simphony_model_1410961940600 for DONE:  no
INFO  [pool-3-thread-1] 2014-09-17 20:45:46,678 repast.simphony.batch.ssh.LocalDonePoller - Polled C:\Users\Chris\AppData\Local\Temp\simphony_model_1410961940600 for DONE:  no
INFO  [pool-3-thread-1] 2014-09-17 20:46:46,782 repast.simphony.batch.ssh.LocalDonePoller - Polled C:\Users\Chris\AppData\Local\Temp\simphony_model_1410961940600 for DONE:  no
INFO  [pool-3-thread-1] 2014-09-17 20:47:46,788 repast.simphony.batch.ssh.LocalDonePoller - Polled C:\Users\Chris\AppData\Local\Temp\simphony_model_1410961940600 for DONE:  no
INFO  [pool-3-thread-1] 2014-09-17 20:48:46,798 repast.simphony.batch.ssh.LocalDonePoller - Polled C:\Users\Chris\AppData\Local\Temp\simphony_model_1410961940600 for DONE:  no
INFO  [pool-3-thread-1] 2014-09-17 20:49:46,805 repast.simphony.batch.ssh.LocalDonePoller - Polled C:\Users\Chris\AppData\Local\Temp\simphony_model_1410961940600 for DONE:  no
INFO  [pool-3-thread-1] 2014-09-17 20:50:46,816 repast.simphony.batch.ssh.LocalDonePoller - Polled C:\Users\Chris\AppData\Local\Temp\simphony_model_1410961940600 for DONE:  no
INFO  [pool-3-thread-1] 2014-09-17 20:51:46,823 repast.simphony.batch.ssh.LocalDonePoller - Polled C:\Users\Chris\AppData\Local\Temp\simphony_model_1410961940600 for DONE:  no
INFO  [pool-3-thread-1] 2014-09-17 20:52:46,826 repast.simphony.batch.ssh.LocalDonePoller - Polled C:\Users\Chris\AppData\Local\Temp\simphony_model_1410961940600 for DONE:  no
INFO  [pool-3-thread-1] 2014-09-17 20:53:46,836 repast.simphony.batch.ssh.LocalDonePoller - Polled C:\Users\Chris\AppData\Local\Temp\simphony_model_1410961940600 for DONE:  no
INFO  [pool-3-thread-1] 2014-09-17 20:54:46,838 repast.simphony.batch.ssh.LocalDonePoller - Polled C:\Users\Chris\AppData\Local\Temp\simphony_model_1410961940600 for DONE:  no
INFO  [pool-3-thread-1] 2014-09-17 20:55:46,840 repast.simphony.batch.ssh.LocalDonePoller - Polled C:\Users\Chris\AppData\Local\Temp\simphony_model_1410961940600 for DONE:  no
INFO  [pool-3-thread-1] 2014-09-17 20:56:46,842 repast.simphony.batch.ssh.LocalDonePoller - Polled C:\Users\Chris\AppData\Local\Temp\simphony_model_1410961940600 for DONE:  no
INFO  [pool-3-thread-1] 2014-09-17 20:57:46,844 repast.simphony.batch.ssh.LocalDonePoller - Polled C:\Users\Chris\AppData\Local\Temp\simphony_model_1410961940600 for DONE:  no
INFO  [pool-3-thread-1] 2014-09-17 20:58:46,846 repast.simphony.batch.ssh.LocalDonePoller - Polled C:\Users\Chris\AppData\Local\Temp\simphony_model_1410961940600 for DONE:  no
INFO  [pool-3-thread-1] 2014-09-17 20:59:46,853 repast.simphony.batch.ssh.LocalDonePoller - Polled C:\Users\Chris\AppData\Local\Temp\simphony_model_1410961940600 for DONE:  no
INFO  [pool-3-thread-1] 2014-09-17 21:00:46,854 repast.simphony.batch.ssh.LocalDonePoller - Polled C:\Users\Chris\AppData\Local\Temp\simphony_model_1410961940600 for DONE:  no
INFO  [pool-3-thread-1] 2014-09-17 21:01:46,857 repast.simphony.batch.ssh.LocalDonePoller - Polled C:\Users\Chris\AppData\Local\Temp\simphony_model_1410961940600 for DONE:  no
INFO  [pool-3-thread-1] 2014-09-17 21:02:46,861 repast.simphony.batch.ssh.LocalDonePoller - Polled C:\Users\Chris\AppData\Local\Temp\simphony_model_1410961940600 for DONE:  yes
INFO  [SwingWorker-pool-2-thread-1] 2014-09-17 21:02:48,017 repast.simphony.batch.ssh.SessionsDriver - Run Time: 370.3095
INFO  [SwingWorker-pool-2-thread-1] 2014-09-17 21:03:00,792 repast.simphony.batch.ssh.LocalSession - Finding output on localhost in C:\Users\Chris\AppData\Local\Temp\simphony_model_1410961940600
INFO  [SwingWorker-pool-2-thread-1] 2014-09-17 21:03:49,549 repast.simphony.batch.ssh.SessionsDriver - Aggregating output into C:/Users/Chris/workspace2/JModel/output
INFO  [SwingWorker-pool-2-thread-1] 2014-09-17 21:24:01,282 repast.simphony.batch.ssh.SessionsDriver - Get Output Time: 21.2199
INFO  [SwingWorker-pool-2-thread-1] 2014-09-17 21:24:01,283 repast.simphony.batch.ssh.SessionsDriver - Finished. Elapsed Time: 391.6929
FATAL [Thread-5] 2014-09-18 13:52:40,968 repast.simphony.ui.GUIScheduleRunner - RunTimeException when running the schedule
Current tick (1.0)
java.lang.RuntimeException: java.lang.reflect.InvocationTargetException
	at repast.simphony.engine.schedule.DynamicTargetAction.execute(DynamicTargetAction.java:72)
	at repast.simphony.engine.controller.ScheduledMethodControllerAction$ScheduleMethodAllAction.execute(ScheduledMethodControllerAction.java:333)
	at repast.simphony.engine.schedule.DefaultAction.execute(DefaultAction.java:38)
	at repast.simphony.engine.schedule.ScheduleGroup.executeList(ScheduleGroup.java:205)
	at repast.simphony.engine.schedule.ScheduleGroup.execute(ScheduleGroup.java:231)
	at repast.simphony.engine.schedule.Schedule.execute(Schedule.java:352)
	at repast.simphony.ui.GUIScheduleRunner$ScheduleLoopRunnable.run(GUIScheduleRunner.java:52)
	at java.lang.Thread.run(Unknown Source)
Caused by: java.lang.reflect.InvocationTargetException
	at jModel.Controller$$FastClassByCGLIB$$2687302b.invoke(<generated>)
	at net.sf.cglib.reflect.FastMethod.invoke(FastMethod.java:53)
	at repast.simphony.engine.schedule.DynamicTargetAction.execute(DynamicTargetAction.java:69)
	... 7 more
Caused by: java.lang.NullPointerException
	at jModel.Auctioneer.setNewPrices(Auctioneer.java:158)
	at jModel.Controller.step(Controller.java:36)
	... 10 more
